<?xml version="1.0" encoding="UTF-8" standalone="no"?>
<!DOCTYPE log SYSTEM "logger.dtd">
<log>
<record>
  <date>2019-07-25T14:17:04</date>
  <millis>1564039024293</millis>
  <sequence>0</sequence>
  <level>START</level>
  <class>com.kms.katalon.core.logging.XmlKeywordLogger</class>
  <method>startSuite</method>
  <thread>1</thread>
  <message>Start Test Suite : Test Suites/phs-masterdb/master-db</message>
  <nestedLevel>0</nestedLevel>
  <property name="name">master-db</property>
  <property name="description"></property>
  <property name="id">Test Suites/phs-masterdb/master-db</property>
</record>
<record>
  <date>2019-07-25T14:17:04</date>
  <millis>1564039024316</millis>
  <sequence>1</sequence>
  <level>RUN_DATA</level>
  <class>com.kms.katalon.core.logging.XmlKeywordLogger</class>
  <method>logMessage</method>
  <thread>1</thread>
  <message>hostName = c19679 - LIDLIFE38B0WS.PRU.intranet.asia</message>
  <nestedLevel>0</nestedLevel>
  <property name="hostName">c19679 - LIDLIFE38B0WS.PRU.intranet.asia</property>
</record>
<record>
  <date>2019-07-25T14:17:04</date>
  <millis>1564039024317</millis>
  <sequence>2</sequence>
  <level>RUN_DATA</level>
  <class>com.kms.katalon.core.logging.XmlKeywordLogger</class>
  <method>logMessage</method>
  <thread>1</thread>
  <message>os = Windows 7 64bit</message>
  <nestedLevel>0</nestedLevel>
  <property name="os">Windows 7 64bit</property>
</record>
<record>
  <date>2019-07-25T14:17:04</date>
  <millis>1564039024318</millis>
  <sequence>3</sequence>
  <level>RUN_DATA</level>
  <class>com.kms.katalon.core.logging.XmlKeywordLogger</class>
  <method>logMessage</method>
  <thread>1</thread>
  <message>hostAddress = 10.170.236.42</message>
  <nestedLevel>0</nestedLevel>
  <property name="hostAddress">10.170.236.42</property>
</record>
<record>
  <date>2019-07-25T14:17:04</date>
  <millis>1564039024328</millis>
  <sequence>4</sequence>
  <level>RUN_DATA</level>
  <class>com.kms.katalon.core.logging.XmlKeywordLogger</class>
  <method>logMessage</method>
  <thread>1</thread>
  <message>katalonVersion = 6.1.0.1</message>
  <nestedLevel>0</nestedLevel>
  <property name="katalonVersion">6.1.0.1</property>
</record>
<record>
  <date>2019-07-25T14:17:04</date>
  <millis>1564039024885</millis>
  <sequence>5</sequence>
  <level>START</level>
  <class>com.kms.katalon.core.logging.XmlKeywordLogger</class>
  <method>startTest</method>
  <thread>1</thread>
  <message>Start Test Case : Test Cases/phs-masterdb/getByparamType</message>
  <nestedLevel>1</nestedLevel>
  <property name="name">Test Cases/phs-masterdb/getByparamType</property>
  <property name="description"></property>
  <property name="id">Test Cases/phs-masterdb/getByparamType</property>
  <property name="source">C:\\SURYAPURBA\\PHS\\PHS\\Test Cases\\phs-masterdb\\getByparamType.tc</property>
  <property name="isOptional">false</property>
</record>
<record>
  <date>2019-07-25T14:17:05</date>
  <millis>1564039025710</millis>
  <sequence>7</sequence>
  <level>START</level>
  <class>com.kms.katalon.core.logging.XmlKeywordLogger</class>
  <method>startKeyword</method>
  <thread>1</thread>
  <message>Start action : response = sendRequest(findTestObject(\&amp;quot;phs-masterdb/getByparamType\&amp;quot;, [\&amp;quot;endpoint\&amp;quot;:endpoint, \&amp;quot;id\&amp;quot;:findTestData(\&amp;quot;phs-masterdb/getByparamType\&amp;quot;).getValue(1, 1), \&amp;quot;param\&amp;quot;:findTestData(\&amp;quot;phs-masterdb/getByparamType\&amp;quot;).getValue(2, 1), ... ]))</message>
  <nestedLevel>1</nestedLevel>
  <property name="startLine">17</property>
  <property name="stepIndex">1</property>
</record>
<record>
  <date>2019-07-25T14:17:11</date>
  <millis>1564039031246</millis>
  <sequence>27</sequence>
  <level>INFO</level>
  <class>com.kms.katalon.core.logging.XmlKeywordLogger</class>
  <method>logMessage</method>
  <thread>1</thread>
  <message>HAR: C:\\SURYAPURBA\\PHS\\PHS\\Reports\\phs-masterdb\\master-db\\20190725_141656\\requests\\main\\0.har</message>
  <nestedLevel>1</nestedLevel>
  <property name="harId">5e12779b-f482-4e43-ba10-86ec147a7221</property>
</record>
<record>
  <date>2019-07-25T14:17:11</date>
  <millis>1564039031424</millis>
  <sequence>28</sequence>
  <level>PASSED</level>
  <class>com.kms.katalon.core.logging.XmlKeywordLogger</class>
  <method>logMessage</method>
  <thread>1</thread>
  <message>Send request successfully</message>
  <nestedLevel>1</nestedLevel>
</record>
<record>
  <date>2019-07-25T14:17:11</date>
  <millis>1564039031425</millis>
  <sequence>29</sequence>
  <level>END</level>
  <class>com.kms.katalon.core.logging.XmlKeywordLogger</class>
  <method>endKeyword</method>
  <thread>1</thread>
  <message>End action : response = sendRequest(findTestObject(\&amp;quot;phs-masterdb/getByparamType\&amp;quot;, [\&amp;quot;endpoint\&amp;quot;:endpoint, \&amp;quot;id\&amp;quot;:findTestData(\&amp;quot;phs-masterdb/getByparamType\&amp;quot;).getValue(1, 1), \&amp;quot;param\&amp;quot;:findTestData(\&amp;quot;phs-masterdb/getByparamType\&amp;quot;).getValue(2, 1), ... ]))</message>
  <nestedLevel>1</nestedLevel>
</record>
<record>
  <date>2019-07-25T14:17:11</date>
  <millis>1564039031426</millis>
  <sequence>30</sequence>
  <level>START</level>
  <class>com.kms.katalon.core.logging.XmlKeywordLogger</class>
  <method>startKeyword</method>
  <thread>1</thread>
  <message>Start action : verifyResponseStatusCode(response, 200)</message>
  <nestedLevel>1</nestedLevel>
  <property name="startLine">22</property>
  <property name="stepIndex">2</property>
</record>
<record>
  <date>2019-07-25T14:17:11</date>
  <millis>1564039031453</millis>
  <sequence>32</sequence>
  <level>PASSED</level>
  <class>com.kms.katalon.core.logging.XmlKeywordLogger</class>
  <method>logMessage</method>
  <thread>1</thread>
  <message>Verify response status code successfully</message>
  <nestedLevel>1</nestedLevel>
</record>
<record>
  <date>2019-07-25T14:17:11</date>
  <millis>1564039031454</millis>
  <sequence>33</sequence>
  <level>END</level>
  <class>com.kms.katalon.core.logging.XmlKeywordLogger</class>
  <method>endKeyword</method>
  <thread>1</thread>
  <message>End action : verifyResponseStatusCode(response, 200)</message>
  <nestedLevel>1</nestedLevel>
</record>
<record>
  <date>2019-07-25T14:17:11</date>
  <millis>1564039031454</millis>
  <sequence>34</sequence>
  <level>PASSED</level>
  <class>com.kms.katalon.core.logging.XmlKeywordLogger</class>
  <method>logMessage</method>
  <thread>1</thread>
  <message>Test Cases/phs-masterdb/getByparamType</message>
  <nestedLevel>1</nestedLevel>
</record>
<record>
  <date>2019-07-25T14:17:11</date>
  <millis>1564039031455</millis>
  <sequence>35</sequence>
  <level>END</level>
  <class>com.kms.katalon.core.logging.XmlKeywordLogger</class>
  <method>endTest</method>
  <thread>1</thread>
  <message>End Test Case : Test Cases/phs-masterdb/getByparamType</message>
  <nestedLevel>0</nestedLevel>
</record>
<record>
  <date>2019-07-25T14:17:11</date>
  <millis>1564039031542</millis>
  <sequence>36</sequence>
  <level>END</level>
  <class>com.kms.katalon.core.logging.XmlKeywordLogger</class>
  <method>endSuite</method>
  <thread>1</thread>
  <message>End Test Suite : Test Suites/phs-masterdb/master-db</message>
  <nestedLevel>0</nestedLevel>
</record>
</log>