<?xml version="1.0" encoding="UTF-8" standalone="no"?>
<!DOCTYPE log SYSTEM "logger.dtd">
<log>
<record>
  <date>2019-07-25T14:20:57</date>
  <millis>1564039257597</millis>
  <sequence>0</sequence>
  <level>START</level>
  <class>com.kms.katalon.core.logging.XmlKeywordLogger</class>
  <method>startSuite</method>
  <thread>1</thread>
  <message>Start Test Suite : Test Suites/phs-masterdb/master-db</message>
  <nestedLevel>0</nestedLevel>
  <property name="name">master-db</property>
  <property name="description"></property>
  <property name="id">Test Suites/phs-masterdb/master-db</property>
</record>
<record>
  <date>2019-07-25T14:20:57</date>
  <millis>1564039257619</millis>
  <sequence>1</sequence>
  <level>RUN_DATA</level>
  <class>com.kms.katalon.core.logging.XmlKeywordLogger</class>
  <method>logMessage</method>
  <thread>1</thread>
  <message>hostName = c19679 - LIDLIFE38B0WS.PRU.intranet.asia</message>
  <nestedLevel>0</nestedLevel>
  <property name="hostName">c19679 - LIDLIFE38B0WS.PRU.intranet.asia</property>
</record>
<record>
  <date>2019-07-25T14:20:57</date>
  <millis>1564039257619</millis>
  <sequence>2</sequence>
  <level>RUN_DATA</level>
  <class>com.kms.katalon.core.logging.XmlKeywordLogger</class>
  <method>logMessage</method>
  <thread>1</thread>
  <message>os = Windows 7 64bit</message>
  <nestedLevel>0</nestedLevel>
  <property name="os">Windows 7 64bit</property>
</record>
<record>
  <date>2019-07-25T14:20:57</date>
  <millis>1564039257620</millis>
  <sequence>3</sequence>
  <level>RUN_DATA</level>
  <class>com.kms.katalon.core.logging.XmlKeywordLogger</class>
  <method>logMessage</method>
  <thread>1</thread>
  <message>hostAddress = 10.170.236.42</message>
  <nestedLevel>0</nestedLevel>
  <property name="hostAddress">10.170.236.42</property>
</record>
<record>
  <date>2019-07-25T14:20:57</date>
  <millis>1564039257622</millis>
  <sequence>4</sequence>
  <level>RUN_DATA</level>
  <class>com.kms.katalon.core.logging.XmlKeywordLogger</class>
  <method>logMessage</method>
  <thread>1</thread>
  <message>katalonVersion = 6.1.0.1</message>
  <nestedLevel>0</nestedLevel>
  <property name="katalonVersion">6.1.0.1</property>
</record>
<record>
  <date>2019-07-25T14:20:58</date>
  <millis>1564039258070</millis>
  <sequence>5</sequence>
  <level>START</level>
  <class>com.kms.katalon.core.logging.XmlKeywordLogger</class>
  <method>startTest</method>
  <thread>1</thread>
  <message>Start Test Case : Test Cases/phs-masterdb/DocTypeSave</message>
  <nestedLevel>1</nestedLevel>
  <property name="name">Test Cases/phs-masterdb/DocTypeSave</property>
  <property name="description"></property>
  <property name="id">Test Cases/phs-masterdb/DocTypeSave</property>
  <property name="source">C:\\SURYAPURBA\\PHS\\PHS\\Test Cases\\phs-masterdb\\DocTypeSave.tc</property>
  <property name="isOptional">false</property>
</record>
<record>
  <date>2019-07-25T14:20:58</date>
  <millis>1564039258827</millis>
  <sequence>7</sequence>
  <level>START</level>
  <class>com.kms.katalon.core.logging.XmlKeywordLogger</class>
  <method>startKeyword</method>
  <thread>1</thread>
  <message>Start action : response = sendRequest(findTestObject(\&amp;quot;phs-masterdb/DocTypeSave\&amp;quot;, [\&amp;quot;docType\&amp;quot;:findTestData(\&amp;quot;phs-masterdb/save\&amp;quot;).getValue(1, 1), \&amp;quot;docId\&amp;quot;:findTestData(\&amp;quot;phs-masterdb/save\&amp;quot;).getValue(2, 1), \&amp;quot;endpoint\&amp;quot;:endpoint]))</message>
  <nestedLevel>1</nestedLevel>
  <property name="startLine">17</property>
  <property name="stepIndex">1</property>
</record>
<record>
  <date>2019-07-25T14:21:03</date>
  <millis>1564039263334</millis>
  <sequence>19</sequence>
  <level>INFO</level>
  <class>com.kms.katalon.core.logging.XmlKeywordLogger</class>
  <method>logMessage</method>
  <thread>1</thread>
  <message>HAR: C:\\SURYAPURBA\\PHS\\PHS\\Reports\\phs-masterdb\\master-db\\20190725_142054\\requests\\main\\0.har</message>
  <nestedLevel>1</nestedLevel>
  <property name="harId">1ab3ad34-e574-400b-ba76-354f0e4604f6</property>
</record>
<record>
  <date>2019-07-25T14:21:03</date>
  <millis>1564039263624</millis>
  <sequence>20</sequence>
  <level>PASSED</level>
  <class>com.kms.katalon.core.logging.XmlKeywordLogger</class>
  <method>logMessage</method>
  <thread>1</thread>
  <message>Send request successfully</message>
  <nestedLevel>1</nestedLevel>
</record>
<record>
  <date>2019-07-25T14:21:03</date>
  <millis>1564039263625</millis>
  <sequence>21</sequence>
  <level>END</level>
  <class>com.kms.katalon.core.logging.XmlKeywordLogger</class>
  <method>endKeyword</method>
  <thread>1</thread>
  <message>End action : response = sendRequest(findTestObject(\&amp;quot;phs-masterdb/DocTypeSave\&amp;quot;, [\&amp;quot;docType\&amp;quot;:findTestData(\&amp;quot;phs-masterdb/save\&amp;quot;).getValue(1, 1), \&amp;quot;docId\&amp;quot;:findTestData(\&amp;quot;phs-masterdb/save\&amp;quot;).getValue(2, 1), \&amp;quot;endpoint\&amp;quot;:endpoint]))</message>
  <nestedLevel>1</nestedLevel>
</record>
<record>
  <date>2019-07-25T14:21:03</date>
  <millis>1564039263625</millis>
  <sequence>22</sequence>
  <level>START</level>
  <class>com.kms.katalon.core.logging.XmlKeywordLogger</class>
  <method>startKeyword</method>
  <thread>1</thread>
  <message>Start action : verifyResponseStatusCode(response, 200)</message>
  <nestedLevel>1</nestedLevel>
  <property name="startLine">20</property>
  <property name="stepIndex">2</property>
</record>
<record>
  <date>2019-07-25T14:21:03</date>
  <millis>1564039263661</millis>
  <sequence>24</sequence>
  <level>PASSED</level>
  <class>com.kms.katalon.core.logging.XmlKeywordLogger</class>
  <method>logMessage</method>
  <thread>1</thread>
  <message>Verify response status code successfully</message>
  <nestedLevel>1</nestedLevel>
</record>
<record>
  <date>2019-07-25T14:21:03</date>
  <millis>1564039263662</millis>
  <sequence>25</sequence>
  <level>END</level>
  <class>com.kms.katalon.core.logging.XmlKeywordLogger</class>
  <method>endKeyword</method>
  <thread>1</thread>
  <message>End action : verifyResponseStatusCode(response, 200)</message>
  <nestedLevel>1</nestedLevel>
</record>
<record>
  <date>2019-07-25T14:21:03</date>
  <millis>1564039263663</millis>
  <sequence>26</sequence>
  <level>PASSED</level>
  <class>com.kms.katalon.core.logging.XmlKeywordLogger</class>
  <method>logMessage</method>
  <thread>1</thread>
  <message>Test Cases/phs-masterdb/DocTypeSave</message>
  <nestedLevel>1</nestedLevel>
</record>
<record>
  <date>2019-07-25T14:21:03</date>
  <millis>1564039263664</millis>
  <sequence>27</sequence>
  <level>END</level>
  <class>com.kms.katalon.core.logging.XmlKeywordLogger</class>
  <method>endTest</method>
  <thread>1</thread>
  <message>End Test Case : Test Cases/phs-masterdb/DocTypeSave</message>
  <nestedLevel>0</nestedLevel>
</record>
<record>
  <date>2019-07-25T14:21:03</date>
  <millis>1564039263689</millis>
  <sequence>28</sequence>
  <level>START</level>
  <class>com.kms.katalon.core.logging.XmlKeywordLogger</class>
  <method>startTest</method>
  <thread>1</thread>
  <message>Start Test Case : Test Cases/phs-masterdb/ExtTypeSave</message>
  <nestedLevel>1</nestedLevel>
  <property name="name">Test Cases/phs-masterdb/ExtTypeSave</property>
  <property name="description"></property>
  <property name="id">Test Cases/phs-masterdb/ExtTypeSave</property>
  <property name="source">C:\\SURYAPURBA\\PHS\\PHS\\Test Cases\\phs-masterdb\\ExtTypeSave.tc</property>
  <property name="isOptional">false</property>
</record>
<record>
  <date>2019-07-25T14:21:04</date>
  <millis>1564039264087</millis>
  <sequence>30</sequence>
  <level>START</level>
  <class>com.kms.katalon.core.logging.XmlKeywordLogger</class>
  <method>startKeyword</method>
  <thread>1</thread>
  <message>Start action : response = sendRequest(findTestObject(\&amp;quot;phs-masterdb/extTypeSave\&amp;quot;, [\&amp;quot;endpoint\&amp;quot;:endpoint, \&amp;quot;id\&amp;quot;:findTestData(\&amp;quot;phs-masterdb/extTypeSave\&amp;quot;).getValue(1, 1), \&amp;quot;mime\&amp;quot;:findTestData(\&amp;quot;phs-masterdb/extTypeSave\&amp;quot;).getValue(2, 1), ... ]))</message>
  <nestedLevel>1</nestedLevel>
  <property name="startLine">17</property>
  <property name="stepIndex">1</property>
</record>
<record>
  <date>2019-07-25T14:21:05</date>
  <millis>1564039265233</millis>
  <sequence>54</sequence>
  <level>INFO</level>
  <class>com.kms.katalon.core.logging.XmlKeywordLogger</class>
  <method>logMessage</method>
  <thread>1</thread>
  <message>HAR: C:\\SURYAPURBA\\PHS\\PHS\\Reports\\phs-masterdb\\master-db\\20190725_142054\\requests\\main\\1.har</message>
  <nestedLevel>1</nestedLevel>
  <property name="harId">4957b869-e3b1-4124-bedf-8fb953cb036a</property>
</record>
<record>
  <date>2019-07-25T14:21:05</date>
  <millis>1564039265239</millis>
  <sequence>55</sequence>
  <level>PASSED</level>
  <class>com.kms.katalon.core.logging.XmlKeywordLogger</class>
  <method>logMessage</method>
  <thread>1</thread>
  <message>Send request successfully</message>
  <nestedLevel>1</nestedLevel>
</record>
<record>
  <date>2019-07-25T14:21:05</date>
  <millis>1564039265240</millis>
  <sequence>56</sequence>
  <level>END</level>
  <class>com.kms.katalon.core.logging.XmlKeywordLogger</class>
  <method>endKeyword</method>
  <thread>1</thread>
  <message>End action : response = sendRequest(findTestObject(\&amp;quot;phs-masterdb/extTypeSave\&amp;quot;, [\&amp;quot;endpoint\&amp;quot;:endpoint, \&amp;quot;id\&amp;quot;:findTestData(\&amp;quot;phs-masterdb/extTypeSave\&amp;quot;).getValue(1, 1), \&amp;quot;mime\&amp;quot;:findTestData(\&amp;quot;phs-masterdb/extTypeSave\&amp;quot;).getValue(2, 1), ... ]))</message>
  <nestedLevel>1</nestedLevel>
</record>
<record>
  <date>2019-07-25T14:21:05</date>
  <millis>1564039265241</millis>
  <sequence>57</sequence>
  <level>START</level>
  <class>com.kms.katalon.core.logging.XmlKeywordLogger</class>
  <method>startKeyword</method>
  <thread>1</thread>
  <message>Start action : verifyResponseStatusCode(response, 200)</message>
  <nestedLevel>1</nestedLevel>
  <property name="startLine">22</property>
  <property name="stepIndex">2</property>
</record>
<record>
  <date>2019-07-25T14:21:05</date>
  <millis>1564039265244</millis>
  <sequence>59</sequence>
  <level>PASSED</level>
  <class>com.kms.katalon.core.logging.XmlKeywordLogger</class>
  <method>logMessage</method>
  <thread>1</thread>
  <message>Verify response status code successfully</message>
  <nestedLevel>1</nestedLevel>
</record>
<record>
  <date>2019-07-25T14:21:05</date>
  <millis>1564039265244</millis>
  <sequence>60</sequence>
  <level>END</level>
  <class>com.kms.katalon.core.logging.XmlKeywordLogger</class>
  <method>endKeyword</method>
  <thread>1</thread>
  <message>End action : verifyResponseStatusCode(response, 200)</message>
  <nestedLevel>1</nestedLevel>
</record>
<record>
  <date>2019-07-25T14:21:05</date>
  <millis>1564039265244</millis>
  <sequence>61</sequence>
  <level>PASSED</level>
  <class>com.kms.katalon.core.logging.XmlKeywordLogger</class>
  <method>logMessage</method>
  <thread>1</thread>
  <message>Test Cases/phs-masterdb/ExtTypeSave</message>
  <nestedLevel>1</nestedLevel>
</record>
<record>
  <date>2019-07-25T14:21:05</date>
  <millis>1564039265245</millis>
  <sequence>62</sequence>
  <level>END</level>
  <class>com.kms.katalon.core.logging.XmlKeywordLogger</class>
  <method>endTest</method>
  <thread>1</thread>
  <message>End Test Case : Test Cases/phs-masterdb/ExtTypeSave</message>
  <nestedLevel>0</nestedLevel>
</record>
<record>
  <date>2019-07-25T14:21:05</date>
  <millis>1564039265278</millis>
  <sequence>63</sequence>
  <level>START</level>
  <class>com.kms.katalon.core.logging.XmlKeywordLogger</class>
  <method>startTest</method>
  <thread>1</thread>
  <message>Start Test Case : Test Cases/phs-masterdb/extTypeUpdate</message>
  <nestedLevel>1</nestedLevel>
  <property name="name">Test Cases/phs-masterdb/extTypeUpdate</property>
  <property name="description"></property>
  <property name="id">Test Cases/phs-masterdb/extTypeUpdate</property>
  <property name="source">C:\\SURYAPURBA\\PHS\\PHS\\Test Cases\\phs-masterdb\\extTypeUpdate.tc</property>
  <property name="isOptional">false</property>
</record>
<record>
  <date>2019-07-25T14:21:05</date>
  <millis>1564039265637</millis>
  <sequence>65</sequence>
  <level>START</level>
  <class>com.kms.katalon.core.logging.XmlKeywordLogger</class>
  <method>startKeyword</method>
  <thread>1</thread>
  <message>Start action : response = sendRequest(findTestObject(\&amp;quot;phs-masterdb/ExtTypeUpdate\&amp;quot;, [\&amp;quot;endpoint\&amp;quot;:endpoint, \&amp;quot;id\&amp;quot;:findTestData(\&amp;quot;phs-masterdb/extTypeUpdate\&amp;quot;).getValue(1, 1), \&amp;quot;mime\&amp;quot;:findTestData(\&amp;quot;phs-masterdb/extTypeUpdate\&amp;quot;).getValue(2, 1), ... ]))</message>
  <nestedLevel>1</nestedLevel>
  <property name="startLine">17</property>
  <property name="stepIndex">1</property>
</record>
<record>
  <date>2019-07-25T14:21:06</date>
  <millis>1564039266171</millis>
  <sequence>89</sequence>
  <level>INFO</level>
  <class>com.kms.katalon.core.logging.XmlKeywordLogger</class>
  <method>logMessage</method>
  <thread>1</thread>
  <message>HAR: C:\\SURYAPURBA\\PHS\\PHS\\Reports\\phs-masterdb\\master-db\\20190725_142054\\requests\\main\\2.har</message>
  <nestedLevel>1</nestedLevel>
  <property name="harId">5b8d275c-391a-49b3-bfc5-cdb11af0a08a</property>
</record>
<record>
  <date>2019-07-25T14:21:06</date>
  <millis>1564039266181</millis>
  <sequence>90</sequence>
  <level>PASSED</level>
  <class>com.kms.katalon.core.logging.XmlKeywordLogger</class>
  <method>logMessage</method>
  <thread>1</thread>
  <message>Send request successfully</message>
  <nestedLevel>1</nestedLevel>
</record>
<record>
  <date>2019-07-25T14:21:06</date>
  <millis>1564039266182</millis>
  <sequence>91</sequence>
  <level>END</level>
  <class>com.kms.katalon.core.logging.XmlKeywordLogger</class>
  <method>endKeyword</method>
  <thread>1</thread>
  <message>End action : response = sendRequest(findTestObject(\&amp;quot;phs-masterdb/ExtTypeUpdate\&amp;quot;, [\&amp;quot;endpoint\&amp;quot;:endpoint, \&amp;quot;id\&amp;quot;:findTestData(\&amp;quot;phs-masterdb/extTypeUpdate\&amp;quot;).getValue(1, 1), \&amp;quot;mime\&amp;quot;:findTestData(\&amp;quot;phs-masterdb/extTypeUpdate\&amp;quot;).getValue(2, 1), ... ]))</message>
  <nestedLevel>1</nestedLevel>
</record>
<record>
  <date>2019-07-25T14:21:06</date>
  <millis>1564039266183</millis>
  <sequence>92</sequence>
  <level>START</level>
  <class>com.kms.katalon.core.logging.XmlKeywordLogger</class>
  <method>startKeyword</method>
  <thread>1</thread>
  <message>Start action : verifyResponseStatusCode(response, 200)</message>
  <nestedLevel>1</nestedLevel>
  <property name="startLine">23</property>
  <property name="stepIndex">2</property>
</record>
<record>
  <date>2019-07-25T14:21:06</date>
  <millis>1564039266187</millis>
  <sequence>94</sequence>
  <level>PASSED</level>
  <class>com.kms.katalon.core.logging.XmlKeywordLogger</class>
  <method>logMessage</method>
  <thread>1</thread>
  <message>Verify response status code successfully</message>
  <nestedLevel>1</nestedLevel>
</record>
<record>
  <date>2019-07-25T14:21:06</date>
  <millis>1564039266187</millis>
  <sequence>95</sequence>
  <level>END</level>
  <class>com.kms.katalon.core.logging.XmlKeywordLogger</class>
  <method>endKeyword</method>
  <thread>1</thread>
  <message>End action : verifyResponseStatusCode(response, 200)</message>
  <nestedLevel>1</nestedLevel>
</record>
<record>
  <date>2019-07-25T14:21:06</date>
  <millis>1564039266188</millis>
  <sequence>96</sequence>
  <level>PASSED</level>
  <class>com.kms.katalon.core.logging.XmlKeywordLogger</class>
  <method>logMessage</method>
  <thread>1</thread>
  <message>Test Cases/phs-masterdb/extTypeUpdate</message>
  <nestedLevel>1</nestedLevel>
</record>
<record>
  <date>2019-07-25T14:21:06</date>
  <millis>1564039266188</millis>
  <sequence>97</sequence>
  <level>END</level>
  <class>com.kms.katalon.core.logging.XmlKeywordLogger</class>
  <method>endTest</method>
  <thread>1</thread>
  <message>End Test Case : Test Cases/phs-masterdb/extTypeUpdate</message>
  <nestedLevel>0</nestedLevel>
</record>
<record>
  <date>2019-07-25T14:21:06</date>
  <millis>1564039266207</millis>
  <sequence>98</sequence>
  <level>START</level>
  <class>com.kms.katalon.core.logging.XmlKeywordLogger</class>
  <method>startTest</method>
  <thread>1</thread>
  <message>Start Test Case : Test Cases/phs-masterdb/findByAgentCode</message>
  <nestedLevel>1</nestedLevel>
  <property name="name">Test Cases/phs-masterdb/findByAgentCode</property>
  <property name="description"></property>
  <property name="id">Test Cases/phs-masterdb/findByAgentCode</property>
  <property name="source">C:\\SURYAPURBA\\PHS\\PHS\\Test Cases\\phs-masterdb\\findByAgentCode.tc</property>
  <property name="isOptional">false</property>
</record>
<record>
  <date>2019-07-25T14:21:06</date>
  <millis>1564039266737</millis>
  <sequence>100</sequence>
  <level>START</level>
  <class>com.kms.katalon.core.logging.XmlKeywordLogger</class>
  <method>startKeyword</method>
  <thread>1</thread>
  <message>Start action : response = sendRequest(findTestObject(\&amp;quot;phs-masterdb/findByAgentCode\&amp;quot;, [\&amp;quot;endpoint\&amp;quot;:endpoint, \&amp;quot;agentCode\&amp;quot;:findTestData(\&amp;quot;phs-masterdb/findByAgentCode\&amp;quot;).getValue(1, 1)]))</message>
  <nestedLevel>1</nestedLevel>
  <property name="startLine">17</property>
  <property name="stepIndex">1</property>
</record>
<record>
  <date>2019-07-25T14:21:06</date>
  <millis>1564039266918</millis>
  <sequence>108</sequence>
  <level>INFO</level>
  <class>com.kms.katalon.core.logging.XmlKeywordLogger</class>
  <method>logMessage</method>
  <thread>1</thread>
  <message>HAR: C:\\SURYAPURBA\\PHS\\PHS\\Reports\\phs-masterdb\\master-db\\20190725_142054\\requests\\main\\3.har</message>
  <nestedLevel>1</nestedLevel>
  <property name="harId">84ab4ff3-5d1e-4d94-b474-056ac85fd236</property>
</record>
<record>
  <date>2019-07-25T14:21:06</date>
  <millis>1564039266922</millis>
  <sequence>109</sequence>
  <level>PASSED</level>
  <class>com.kms.katalon.core.logging.XmlKeywordLogger</class>
  <method>logMessage</method>
  <thread>1</thread>
  <message>Send request successfully</message>
  <nestedLevel>1</nestedLevel>
</record>
<record>
  <date>2019-07-25T14:21:06</date>
  <millis>1564039266922</millis>
  <sequence>110</sequence>
  <level>END</level>
  <class>com.kms.katalon.core.logging.XmlKeywordLogger</class>
  <method>endKeyword</method>
  <thread>1</thread>
  <message>End action : response = sendRequest(findTestObject(\&amp;quot;phs-masterdb/findByAgentCode\&amp;quot;, [\&amp;quot;endpoint\&amp;quot;:endpoint, \&amp;quot;agentCode\&amp;quot;:findTestData(\&amp;quot;phs-masterdb/findByAgentCode\&amp;quot;).getValue(1, 1)]))</message>
  <nestedLevel>1</nestedLevel>
</record>
<record>
  <date>2019-07-25T14:21:06</date>
  <millis>1564039266923</millis>
  <sequence>111</sequence>
  <level>START</level>
  <class>com.kms.katalon.core.logging.XmlKeywordLogger</class>
  <method>startKeyword</method>
  <thread>1</thread>
  <message>Start action : verifyResponseStatusCode(response, 200)</message>
  <nestedLevel>1</nestedLevel>
  <property name="startLine">20</property>
  <property name="stepIndex">2</property>
</record>
<record>
  <date>2019-07-25T14:21:06</date>
  <millis>1564039266927</millis>
  <sequence>113</sequence>
  <level>PASSED</level>
  <class>com.kms.katalon.core.logging.XmlKeywordLogger</class>
  <method>logMessage</method>
  <thread>1</thread>
  <message>Verify response status code successfully</message>
  <nestedLevel>1</nestedLevel>
</record>
<record>
  <date>2019-07-25T14:21:06</date>
  <millis>1564039266927</millis>
  <sequence>114</sequence>
  <level>END</level>
  <class>com.kms.katalon.core.logging.XmlKeywordLogger</class>
  <method>endKeyword</method>
  <thread>1</thread>
  <message>End action : verifyResponseStatusCode(response, 200)</message>
  <nestedLevel>1</nestedLevel>
</record>
<record>
  <date>2019-07-25T14:21:06</date>
  <millis>1564039266927</millis>
  <sequence>115</sequence>
  <level>PASSED</level>
  <class>com.kms.katalon.core.logging.XmlKeywordLogger</class>
  <method>logMessage</method>
  <thread>1</thread>
  <message>Test Cases/phs-masterdb/findByAgentCode</message>
  <nestedLevel>1</nestedLevel>
</record>
<record>
  <date>2019-07-25T14:21:06</date>
  <millis>1564039266928</millis>
  <sequence>116</sequence>
  <level>END</level>
  <class>com.kms.katalon.core.logging.XmlKeywordLogger</class>
  <method>endTest</method>
  <thread>1</thread>
  <message>End Test Case : Test Cases/phs-masterdb/findByAgentCode</message>
  <nestedLevel>0</nestedLevel>
</record>
<record>
  <date>2019-07-25T14:21:06</date>
  <millis>1564039266944</millis>
  <sequence>117</sequence>
  <level>START</level>
  <class>com.kms.katalon.core.logging.XmlKeywordLogger</class>
  <method>startTest</method>
  <thread>1</thread>
  <message>Start Test Case : Test Cases/phs-masterdb/getall</message>
  <nestedLevel>1</nestedLevel>
  <property name="name">Test Cases/phs-masterdb/getall</property>
  <property name="description"></property>
  <property name="id">Test Cases/phs-masterdb/getall</property>
  <property name="source">C:\\SURYAPURBA\\PHS\\PHS\\Test Cases\\phs-masterdb\\getall.tc</property>
  <property name="isOptional">false</property>
</record>
<record>
  <date>2019-07-25T14:21:07</date>
  <millis>1564039267343</millis>
  <sequence>119</sequence>
  <level>START</level>
  <class>com.kms.katalon.core.logging.XmlKeywordLogger</class>
  <method>startKeyword</method>
  <thread>1</thread>
  <message>Start action : response = sendRequest(findTestObject(\&amp;quot;phs-masterdb/getall\&amp;quot;, [\&amp;quot;endpoint\&amp;quot;:endpoint]))</message>
  <nestedLevel>1</nestedLevel>
  <property name="startLine">17</property>
  <property name="stepIndex">1</property>
</record>
<record>
  <date>2019-07-25T14:21:07</date>
  <millis>1564039267495</millis>
  <sequence>123</sequence>
  <level>INFO</level>
  <class>com.kms.katalon.core.logging.XmlKeywordLogger</class>
  <method>logMessage</method>
  <thread>1</thread>
  <message>HAR: C:\\SURYAPURBA\\PHS\\PHS\\Reports\\phs-masterdb\\master-db\\20190725_142054\\requests\\main\\4.har</message>
  <nestedLevel>1</nestedLevel>
  <property name="harId">8e244eef-5831-4c01-8a45-4e024bb942c8</property>
</record>
<record>
  <date>2019-07-25T14:21:07</date>
  <millis>1564039267501</millis>
  <sequence>124</sequence>
  <level>PASSED</level>
  <class>com.kms.katalon.core.logging.XmlKeywordLogger</class>
  <method>logMessage</method>
  <thread>1</thread>
  <message>Send request successfully</message>
  <nestedLevel>1</nestedLevel>
</record>
<record>
  <date>2019-07-25T14:21:07</date>
  <millis>1564039267503</millis>
  <sequence>125</sequence>
  <level>END</level>
  <class>com.kms.katalon.core.logging.XmlKeywordLogger</class>
  <method>endKeyword</method>
  <thread>1</thread>
  <message>End action : response = sendRequest(findTestObject(\&amp;quot;phs-masterdb/getall\&amp;quot;, [\&amp;quot;endpoint\&amp;quot;:endpoint]))</message>
  <nestedLevel>1</nestedLevel>
</record>
<record>
  <date>2019-07-25T14:21:07</date>
  <millis>1564039267504</millis>
  <sequence>126</sequence>
  <level>START</level>
  <class>com.kms.katalon.core.logging.XmlKeywordLogger</class>
  <method>startKeyword</method>
  <thread>1</thread>
  <message>Start action : verifyResponseStatusCode(response, 200)</message>
  <nestedLevel>1</nestedLevel>
  <property name="startLine">19</property>
  <property name="stepIndex">2</property>
</record>
<record>
  <date>2019-07-25T14:21:07</date>
  <millis>1564039267509</millis>
  <sequence>128</sequence>
  <level>PASSED</level>
  <class>com.kms.katalon.core.logging.XmlKeywordLogger</class>
  <method>logMessage</method>
  <thread>1</thread>
  <message>Verify response status code successfully</message>
  <nestedLevel>1</nestedLevel>
</record>
<record>
  <date>2019-07-25T14:21:07</date>
  <millis>1564039267510</millis>
  <sequence>129</sequence>
  <level>END</level>
  <class>com.kms.katalon.core.logging.XmlKeywordLogger</class>
  <method>endKeyword</method>
  <thread>1</thread>
  <message>End action : verifyResponseStatusCode(response, 200)</message>
  <nestedLevel>1</nestedLevel>
</record>
<record>
  <date>2019-07-25T14:21:07</date>
  <millis>1564039267510</millis>
  <sequence>130</sequence>
  <level>PASSED</level>
  <class>com.kms.katalon.core.logging.XmlKeywordLogger</class>
  <method>logMessage</method>
  <thread>1</thread>
  <message>Test Cases/phs-masterdb/getall</message>
  <nestedLevel>1</nestedLevel>
</record>
<record>
  <date>2019-07-25T14:21:07</date>
  <millis>1564039267511</millis>
  <sequence>131</sequence>
  <level>END</level>
  <class>com.kms.katalon.core.logging.XmlKeywordLogger</class>
  <method>endTest</method>
  <thread>1</thread>
  <message>End Test Case : Test Cases/phs-masterdb/getall</message>
  <nestedLevel>0</nestedLevel>
</record>
<record>
  <date>2019-07-25T14:21:07</date>
  <millis>1564039267533</millis>
  <sequence>132</sequence>
  <level>START</level>
  <class>com.kms.katalon.core.logging.XmlKeywordLogger</class>
  <method>startTest</method>
  <thread>1</thread>
  <message>Start Test Case : Test Cases/phs-masterdb/getBydocid</message>
  <nestedLevel>1</nestedLevel>
  <property name="name">Test Cases/phs-masterdb/getBydocid</property>
  <property name="description"></property>
  <property name="id">Test Cases/phs-masterdb/getBydocid</property>
  <property name="source">C:\\SURYAPURBA\\PHS\\PHS\\Test Cases\\phs-masterdb\\getBydocid.tc</property>
  <property name="isOptional">false</property>
</record>
<record>
  <date>2019-07-25T14:21:07</date>
  <millis>1564039267924</millis>
  <sequence>134</sequence>
  <level>START</level>
  <class>com.kms.katalon.core.logging.XmlKeywordLogger</class>
  <method>startKeyword</method>
  <thread>1</thread>
  <message>Start action : response = sendRequest(findTestObject(\&amp;quot;phs-masterdb/getBydocid\&amp;quot;, [\&amp;quot;endpoint\&amp;quot;:endpoint, \&amp;quot;docId\&amp;quot;:findTestData(\&amp;quot;phs-masterdb/getBydocid\&amp;quot;).getValue(1, 1)]))</message>
  <nestedLevel>1</nestedLevel>
  <property name="startLine">17</property>
  <property name="stepIndex">1</property>
</record>
<record>
  <date>2019-07-25T14:21:08</date>
  <millis>1564039268056</millis>
  <sequence>142</sequence>
  <level>INFO</level>
  <class>com.kms.katalon.core.logging.XmlKeywordLogger</class>
  <method>logMessage</method>
  <thread>1</thread>
  <message>HAR: C:\\SURYAPURBA\\PHS\\PHS\\Reports\\phs-masterdb\\master-db\\20190725_142054\\requests\\main\\5.har</message>
  <nestedLevel>1</nestedLevel>
  <property name="harId">ebe31c0f-dbc7-4060-9928-b38f4ec966a3</property>
</record>
<record>
  <date>2019-07-25T14:21:08</date>
  <millis>1564039268059</millis>
  <sequence>143</sequence>
  <level>PASSED</level>
  <class>com.kms.katalon.core.logging.XmlKeywordLogger</class>
  <method>logMessage</method>
  <thread>1</thread>
  <message>Send request successfully</message>
  <nestedLevel>1</nestedLevel>
</record>
<record>
  <date>2019-07-25T14:21:08</date>
  <millis>1564039268059</millis>
  <sequence>144</sequence>
  <level>END</level>
  <class>com.kms.katalon.core.logging.XmlKeywordLogger</class>
  <method>endKeyword</method>
  <thread>1</thread>
  <message>End action : response = sendRequest(findTestObject(\&amp;quot;phs-masterdb/getBydocid\&amp;quot;, [\&amp;quot;endpoint\&amp;quot;:endpoint, \&amp;quot;docId\&amp;quot;:findTestData(\&amp;quot;phs-masterdb/getBydocid\&amp;quot;).getValue(1, 1)]))</message>
  <nestedLevel>1</nestedLevel>
</record>
<record>
  <date>2019-07-25T14:21:08</date>
  <millis>1564039268060</millis>
  <sequence>145</sequence>
  <level>START</level>
  <class>com.kms.katalon.core.logging.XmlKeywordLogger</class>
  <method>startKeyword</method>
  <thread>1</thread>
  <message>Start action : verifyResponseStatusCode(response, 200)</message>
  <nestedLevel>1</nestedLevel>
  <property name="startLine">20</property>
  <property name="stepIndex">2</property>
</record>
<record>
  <date>2019-07-25T14:21:08</date>
  <millis>1564039268062</millis>
  <sequence>147</sequence>
  <level>PASSED</level>
  <class>com.kms.katalon.core.logging.XmlKeywordLogger</class>
  <method>logMessage</method>
  <thread>1</thread>
  <message>Verify response status code successfully</message>
  <nestedLevel>1</nestedLevel>
</record>
<record>
  <date>2019-07-25T14:21:08</date>
  <millis>1564039268062</millis>
  <sequence>148</sequence>
  <level>END</level>
  <class>com.kms.katalon.core.logging.XmlKeywordLogger</class>
  <method>endKeyword</method>
  <thread>1</thread>
  <message>End action : verifyResponseStatusCode(response, 200)</message>
  <nestedLevel>1</nestedLevel>
</record>
<record>
  <date>2019-07-25T14:21:08</date>
  <millis>1564039268063</millis>
  <sequence>149</sequence>
  <level>PASSED</level>
  <class>com.kms.katalon.core.logging.XmlKeywordLogger</class>
  <method>logMessage</method>
  <thread>1</thread>
  <message>Test Cases/phs-masterdb/getBydocid</message>
  <nestedLevel>1</nestedLevel>
</record>
<record>
  <date>2019-07-25T14:21:08</date>
  <millis>1564039268063</millis>
  <sequence>150</sequence>
  <level>END</level>
  <class>com.kms.katalon.core.logging.XmlKeywordLogger</class>
  <method>endTest</method>
  <thread>1</thread>
  <message>End Test Case : Test Cases/phs-masterdb/getBydocid</message>
  <nestedLevel>0</nestedLevel>
</record>
<record>
  <date>2019-07-25T14:21:08</date>
  <millis>1564039268075</millis>
  <sequence>151</sequence>
  <level>START</level>
  <class>com.kms.katalon.core.logging.XmlKeywordLogger</class>
  <method>startTest</method>
  <thread>1</thread>
  <message>Start Test Case : Test Cases/phs-masterdb/getByParam</message>
  <nestedLevel>1</nestedLevel>
  <property name="name">Test Cases/phs-masterdb/getByParam</property>
  <property name="description"></property>
  <property name="id">Test Cases/phs-masterdb/getByParam</property>
  <property name="source">C:\\SURYAPURBA\\PHS\\PHS\\Test Cases\\phs-masterdb\\getByParam.tc</property>
  <property name="isOptional">false</property>
</record>
<record>
  <date>2019-07-25T14:21:08</date>
  <millis>1564039268473</millis>
  <sequence>153</sequence>
  <level>START</level>
  <class>com.kms.katalon.core.logging.XmlKeywordLogger</class>
  <method>startKeyword</method>
  <thread>1</thread>
  <message>Start action : response = sendRequest(findTestObject(\&amp;quot;phs-masterdb/GetByParam\&amp;quot;, [\&amp;quot;endpoint\&amp;quot;:endpoint, \&amp;quot;id\&amp;quot;:findTestData(\&amp;quot;phs-masterdb/getByParam\&amp;quot;).getValue(1, 1), \&amp;quot;param\&amp;quot;:findTestData(\&amp;quot;phs-masterdb/getByParam\&amp;quot;).getValue(2, 1), ... ]))</message>
  <nestedLevel>1</nestedLevel>
  <property name="startLine">17</property>
  <property name="stepIndex">1</property>
</record>
<record>
  <date>2019-07-25T14:21:08</date>
  <millis>1564039268715</millis>
  <sequence>169</sequence>
  <level>INFO</level>
  <class>com.kms.katalon.core.logging.XmlKeywordLogger</class>
  <method>logMessage</method>
  <thread>1</thread>
  <message>HAR: C:\\SURYAPURBA\\PHS\\PHS\\Reports\\phs-masterdb\\master-db\\20190725_142054\\requests\\main\\6.har</message>
  <nestedLevel>1</nestedLevel>
  <property name="harId">ad88899c-a632-4251-be97-41f694f3dff8</property>
</record>
<record>
  <date>2019-07-25T14:21:08</date>
  <millis>1564039268718</millis>
  <sequence>170</sequence>
  <level>PASSED</level>
  <class>com.kms.katalon.core.logging.XmlKeywordLogger</class>
  <method>logMessage</method>
  <thread>1</thread>
  <message>Send request successfully</message>
  <nestedLevel>1</nestedLevel>
</record>
<record>
  <date>2019-07-25T14:21:08</date>
  <millis>1564039268719</millis>
  <sequence>171</sequence>
  <level>END</level>
  <class>com.kms.katalon.core.logging.XmlKeywordLogger</class>
  <method>endKeyword</method>
  <thread>1</thread>
  <message>End action : response = sendRequest(findTestObject(\&amp;quot;phs-masterdb/GetByParam\&amp;quot;, [\&amp;quot;endpoint\&amp;quot;:endpoint, \&amp;quot;id\&amp;quot;:findTestData(\&amp;quot;phs-masterdb/getByParam\&amp;quot;).getValue(1, 1), \&amp;quot;param\&amp;quot;:findTestData(\&amp;quot;phs-masterdb/getByParam\&amp;quot;).getValue(2, 1), ... ]))</message>
  <nestedLevel>1</nestedLevel>
</record>
<record>
  <date>2019-07-25T14:21:08</date>
  <millis>1564039268719</millis>
  <sequence>172</sequence>
  <level>START</level>
  <class>com.kms.katalon.core.logging.XmlKeywordLogger</class>
  <method>startKeyword</method>
  <thread>1</thread>
  <message>Start action : verifyResponseStatusCode(response, 200)</message>
  <nestedLevel>1</nestedLevel>
  <property name="startLine">21</property>
  <property name="stepIndex">2</property>
</record>
<record>
  <date>2019-07-25T14:21:08</date>
  <millis>1564039268721</millis>
  <sequence>174</sequence>
  <level>PASSED</level>
  <class>com.kms.katalon.core.logging.XmlKeywordLogger</class>
  <method>logMessage</method>
  <thread>1</thread>
  <message>Verify response status code successfully</message>
  <nestedLevel>1</nestedLevel>
</record>
<record>
  <date>2019-07-25T14:21:08</date>
  <millis>1564039268721</millis>
  <sequence>175</sequence>
  <level>END</level>
  <class>com.kms.katalon.core.logging.XmlKeywordLogger</class>
  <method>endKeyword</method>
  <thread>1</thread>
  <message>End action : verifyResponseStatusCode(response, 200)</message>
  <nestedLevel>1</nestedLevel>
</record>
<record>
  <date>2019-07-25T14:21:08</date>
  <millis>1564039268721</millis>
  <sequence>176</sequence>
  <level>PASSED</level>
  <class>com.kms.katalon.core.logging.XmlKeywordLogger</class>
  <method>logMessage</method>
  <thread>1</thread>
  <message>Test Cases/phs-masterdb/getByParam</message>
  <nestedLevel>1</nestedLevel>
</record>
<record>
  <date>2019-07-25T14:21:08</date>
  <millis>1564039268722</millis>
  <sequence>177</sequence>
  <level>END</level>
  <class>com.kms.katalon.core.logging.XmlKeywordLogger</class>
  <method>endTest</method>
  <thread>1</thread>
  <message>End Test Case : Test Cases/phs-masterdb/getByParam</message>
  <nestedLevel>0</nestedLevel>
</record>
<record>
  <date>2019-07-25T14:21:08</date>
  <millis>1564039268726</millis>
  <sequence>178</sequence>
  <level>START</level>
  <class>com.kms.katalon.core.logging.XmlKeywordLogger</class>
  <method>startTest</method>
  <thread>1</thread>
  <message>Start Test Case : Test Cases/phs-masterdb/getByparamType</message>
  <nestedLevel>1</nestedLevel>
  <property name="name">Test Cases/phs-masterdb/getByparamType</property>
  <property name="description"></property>
  <property name="id">Test Cases/phs-masterdb/getByparamType</property>
  <property name="source">C:\\SURYAPURBA\\PHS\\PHS\\Test Cases\\phs-masterdb\\getByparamType.tc</property>
  <property name="isOptional">false</property>
</record>
<record>
  <date>2019-07-25T14:21:09</date>
  <millis>1564039269131</millis>
  <sequence>180</sequence>
  <level>START</level>
  <class>com.kms.katalon.core.logging.XmlKeywordLogger</class>
  <method>startKeyword</method>
  <thread>1</thread>
  <message>Start action : response = sendRequest(findTestObject(\&amp;quot;phs-masterdb/getByparamType\&amp;quot;, [\&amp;quot;endpoint\&amp;quot;:endpoint, \&amp;quot;id\&amp;quot;:findTestData(\&amp;quot;phs-masterdb/getByparamType\&amp;quot;).getValue(1, 1), \&amp;quot;param\&amp;quot;:findTestData(\&amp;quot;phs-masterdb/getByparamType\&amp;quot;).getValue(2, 1), ... ]))</message>
  <nestedLevel>1</nestedLevel>
  <property name="startLine">17</property>
  <property name="stepIndex">1</property>
</record>
<record>
  <date>2019-07-25T14:21:09</date>
  <millis>1564039269401</millis>
  <sequence>200</sequence>
  <level>INFO</level>
  <class>com.kms.katalon.core.logging.XmlKeywordLogger</class>
  <method>logMessage</method>
  <thread>1</thread>
  <message>HAR: C:\\SURYAPURBA\\PHS\\PHS\\Reports\\phs-masterdb\\master-db\\20190725_142054\\requests\\main\\7.har</message>
  <nestedLevel>1</nestedLevel>
  <property name="harId">be40b2b3-2fb7-4dca-9410-35ef6c632f87</property>
</record>
<record>
  <date>2019-07-25T14:21:09</date>
  <millis>1564039269407</millis>
  <sequence>201</sequence>
  <level>PASSED</level>
  <class>com.kms.katalon.core.logging.XmlKeywordLogger</class>
  <method>logMessage</method>
  <thread>1</thread>
  <message>Send request successfully</message>
  <nestedLevel>1</nestedLevel>
</record>
<record>
  <date>2019-07-25T14:21:09</date>
  <millis>1564039269410</millis>
  <sequence>202</sequence>
  <level>END</level>
  <class>com.kms.katalon.core.logging.XmlKeywordLogger</class>
  <method>endKeyword</method>
  <thread>1</thread>
  <message>End action : response = sendRequest(findTestObject(\&amp;quot;phs-masterdb/getByparamType\&amp;quot;, [\&amp;quot;endpoint\&amp;quot;:endpoint, \&amp;quot;id\&amp;quot;:findTestData(\&amp;quot;phs-masterdb/getByparamType\&amp;quot;).getValue(1, 1), \&amp;quot;param\&amp;quot;:findTestData(\&amp;quot;phs-masterdb/getByparamType\&amp;quot;).getValue(2, 1), ... ]))</message>
  <nestedLevel>1</nestedLevel>
</record>
<record>
  <date>2019-07-25T14:21:09</date>
  <millis>1564039269411</millis>
  <sequence>203</sequence>
  <level>START</level>
  <class>com.kms.katalon.core.logging.XmlKeywordLogger</class>
  <method>startKeyword</method>
  <thread>1</thread>
  <message>Start action : verifyResponseStatusCode(response, 200)</message>
  <nestedLevel>1</nestedLevel>
  <property name="startLine">22</property>
  <property name="stepIndex">2</property>
</record>
<record>
  <date>2019-07-25T14:21:09</date>
  <millis>1564039269418</millis>
  <sequence>205</sequence>
  <level>PASSED</level>
  <class>com.kms.katalon.core.logging.XmlKeywordLogger</class>
  <method>logMessage</method>
  <thread>1</thread>
  <message>Verify response status code successfully</message>
  <nestedLevel>1</nestedLevel>
</record>
<record>
  <date>2019-07-25T14:21:09</date>
  <millis>1564039269419</millis>
  <sequence>206</sequence>
  <level>END</level>
  <class>com.kms.katalon.core.logging.XmlKeywordLogger</class>
  <method>endKeyword</method>
  <thread>1</thread>
  <message>End action : verifyResponseStatusCode(response, 200)</message>
  <nestedLevel>1</nestedLevel>
</record>
<record>
  <date>2019-07-25T14:21:09</date>
  <millis>1564039269419</millis>
  <sequence>207</sequence>
  <level>PASSED</level>
  <class>com.kms.katalon.core.logging.XmlKeywordLogger</class>
  <method>logMessage</method>
  <thread>1</thread>
  <message>Test Cases/phs-masterdb/getByparamType</message>
  <nestedLevel>1</nestedLevel>
</record>
<record>
  <date>2019-07-25T14:21:09</date>
  <millis>1564039269420</millis>
  <sequence>208</sequence>
  <level>END</level>
  <class>com.kms.katalon.core.logging.XmlKeywordLogger</class>
  <method>endTest</method>
  <thread>1</thread>
  <message>End Test Case : Test Cases/phs-masterdb/getByparamType</message>
  <nestedLevel>0</nestedLevel>
</record>
<record>
  <date>2019-07-25T14:21:09</date>
  <millis>1564039269449</millis>
  <sequence>209</sequence>
  <level>START</level>
  <class>com.kms.katalon.core.logging.XmlKeywordLogger</class>
  <method>startTest</method>
  <thread>1</thread>
  <message>Start Test Case : Test Cases/phs-masterdb/GetDocType</message>
  <nestedLevel>1</nestedLevel>
  <property name="name">Test Cases/phs-masterdb/GetDocType</property>
  <property name="description"></property>
  <property name="id">Test Cases/phs-masterdb/GetDocType</property>
  <property name="source">C:\\SURYAPURBA\\PHS\\PHS\\Test Cases\\phs-masterdb\\GetDocType.tc</property>
  <property name="isOptional">false</property>
</record>
<record>
  <date>2019-07-25T14:21:09</date>
  <millis>1564039269865</millis>
  <sequence>211</sequence>
  <level>START</level>
  <class>com.kms.katalon.core.logging.XmlKeywordLogger</class>
  <method>startKeyword</method>
  <thread>1</thread>
  <message>Start action : response = sendRequest(findTestObject(\&amp;quot;phs-masterdb/GetBydoctype\&amp;quot;, [\&amp;quot;endpoint\&amp;quot;:endpoint, \&amp;quot;docType\&amp;quot;:findTestData(\&amp;quot;phs-masterdb/getBydoctype\&amp;quot;).getValue(1, 1), \&amp;quot;param\&amp;quot;:findTestData(\&amp;quot;phs-masterdb/getBydoctype\&amp;quot;).getValue(2, 1)]))</message>
  <nestedLevel>1</nestedLevel>
  <property name="startLine">19</property>
  <property name="stepIndex">1</property>
</record>
<record>
  <date>2019-07-25T14:21:10</date>
  <millis>1564039270025</millis>
  <sequence>223</sequence>
  <level>INFO</level>
  <class>com.kms.katalon.core.logging.XmlKeywordLogger</class>
  <method>logMessage</method>
  <thread>1</thread>
  <message>HAR: C:\\SURYAPURBA\\PHS\\PHS\\Reports\\phs-masterdb\\master-db\\20190725_142054\\requests\\main\\8.har</message>
  <nestedLevel>1</nestedLevel>
  <property name="harId">2cc579bd-0351-493e-a7fa-fb2ed9131cd3</property>
</record>
<record>
  <date>2019-07-25T14:21:10</date>
  <millis>1564039270035</millis>
  <sequence>224</sequence>
  <level>PASSED</level>
  <class>com.kms.katalon.core.logging.XmlKeywordLogger</class>
  <method>logMessage</method>
  <thread>1</thread>
  <message>Send request successfully</message>
  <nestedLevel>1</nestedLevel>
</record>
<record>
  <date>2019-07-25T14:21:10</date>
  <millis>1564039270037</millis>
  <sequence>225</sequence>
  <level>END</level>
  <class>com.kms.katalon.core.logging.XmlKeywordLogger</class>
  <method>endKeyword</method>
  <thread>1</thread>
  <message>End action : response = sendRequest(findTestObject(\&amp;quot;phs-masterdb/GetBydoctype\&amp;quot;, [\&amp;quot;endpoint\&amp;quot;:endpoint, \&amp;quot;docType\&amp;quot;:findTestData(\&amp;quot;phs-masterdb/getBydoctype\&amp;quot;).getValue(1, 1), \&amp;quot;param\&amp;quot;:findTestData(\&amp;quot;phs-masterdb/getBydoctype\&amp;quot;).getValue(2, 1)]))</message>
  <nestedLevel>1</nestedLevel>
</record>
<record>
  <date>2019-07-25T14:21:10</date>
  <millis>1564039270037</millis>
  <sequence>226</sequence>
  <level>START</level>
  <class>com.kms.katalon.core.logging.XmlKeywordLogger</class>
  <method>startKeyword</method>
  <thread>1</thread>
  <message>Start action : slurper = new groovy.json.JsonSlurper()</message>
  <nestedLevel>1</nestedLevel>
  <property name="startLine">23</property>
  <property name="stepIndex">2</property>
</record>
<record>
  <date>2019-07-25T14:21:10</date>
  <millis>1564039270053</millis>
  <sequence>227</sequence>
  <level>END</level>
  <class>com.kms.katalon.core.logging.XmlKeywordLogger</class>
  <method>endKeyword</method>
  <thread>1</thread>
  <message>End action : slurper = new groovy.json.JsonSlurper()</message>
  <nestedLevel>1</nestedLevel>
</record>
<record>
  <date>2019-07-25T14:21:10</date>
  <millis>1564039270054</millis>
  <sequence>228</sequence>
  <level>START</level>
  <class>com.kms.katalon.core.logging.XmlKeywordLogger</class>
  <method>startKeyword</method>
  <thread>1</thread>
  <message>Start action : result = slurper.parseText(response.getResponseBodyContent())</message>
  <nestedLevel>1</nestedLevel>
  <property name="startLine">25</property>
  <property name="stepIndex">3</property>
  <property name="description">Convert JsonResponse to JsonObject</property>
</record>
<record>
  <date>2019-07-25T14:21:10</date>
  <millis>1564039270094</millis>
  <sequence>229</sequence>
  <level>END</level>
  <class>com.kms.katalon.core.logging.XmlKeywordLogger</class>
  <method>endKeyword</method>
  <thread>1</thread>
  <message>End action : result = slurper.parseText(response.getResponseBodyContent())</message>
  <nestedLevel>1</nestedLevel>
</record>
<record>
  <date>2019-07-25T14:21:10</date>
  <millis>1564039270094</millis>
  <sequence>230</sequence>
  <level>START</level>
  <class>com.kms.katalon.core.logging.XmlKeywordLogger</class>
  <method>startKeyword</method>
  <thread>1</thread>
  <message>Start action : newResult = slurper.parseText(message)</message>
  <nestedLevel>1</nestedLevel>
  <property name="startLine">28</property>
  <property name="stepIndex">4</property>
  <property name="description">Convert Json with message data to JsonObject</property>
</record>
<record>
  <date>2019-07-25T14:21:10</date>
  <millis>1564039270107</millis>
  <sequence>231</sequence>
  <level>END</level>
  <class>com.kms.katalon.core.logging.XmlKeywordLogger</class>
  <method>endKeyword</method>
  <thread>1</thread>
  <message>End action : newResult = slurper.parseText(message)</message>
  <nestedLevel>1</nestedLevel>
</record>
<record>
  <date>2019-07-25T14:21:10</date>
  <millis>1564039270107</millis>
  <sequence>232</sequence>
  <level>START</level>
  <class>com.kms.katalon.core.logging.XmlKeywordLogger</class>
  <method>startKeyword</method>
  <thread>1</thread>
  <message>Start action : verifyResponseStatusCode(response, 200)</message>
  <nestedLevel>1</nestedLevel>
  <property name="startLine">31</property>
  <property name="stepIndex">5</property>
</record>
<record>
  <date>2019-07-25T14:21:10</date>
  <millis>1564039270109</millis>
  <sequence>234</sequence>
  <level>PASSED</level>
  <class>com.kms.katalon.core.logging.XmlKeywordLogger</class>
  <method>logMessage</method>
  <thread>1</thread>
  <message>Verify response status code successfully</message>
  <nestedLevel>1</nestedLevel>
</record>
<record>
  <date>2019-07-25T14:21:10</date>
  <millis>1564039270109</millis>
  <sequence>235</sequence>
  <level>END</level>
  <class>com.kms.katalon.core.logging.XmlKeywordLogger</class>
  <method>endKeyword</method>
  <thread>1</thread>
  <message>End action : verifyResponseStatusCode(response, 200)</message>
  <nestedLevel>1</nestedLevel>
</record>
<record>
  <date>2019-07-25T14:21:10</date>
  <millis>1564039270109</millis>
  <sequence>236</sequence>
  <level>PASSED</level>
  <class>com.kms.katalon.core.logging.XmlKeywordLogger</class>
  <method>logMessage</method>
  <thread>1</thread>
  <message>Test Cases/phs-masterdb/GetDocType</message>
  <nestedLevel>1</nestedLevel>
</record>
<record>
  <date>2019-07-25T14:21:10</date>
  <millis>1564039270109</millis>
  <sequence>237</sequence>
  <level>END</level>
  <class>com.kms.katalon.core.logging.XmlKeywordLogger</class>
  <method>endTest</method>
  <thread>1</thread>
  <message>End Test Case : Test Cases/phs-masterdb/GetDocType</message>
  <nestedLevel>0</nestedLevel>
</record>
<record>
  <date>2019-07-25T14:21:10</date>
  <millis>1564039270125</millis>
  <sequence>238</sequence>
  <level>START</level>
  <class>com.kms.katalon.core.logging.XmlKeywordLogger</class>
  <method>startTest</method>
  <thread>1</thread>
  <message>Start Test Case : Test Cases/phs-masterdb/getExtByvalue</message>
  <nestedLevel>1</nestedLevel>
  <property name="name">Test Cases/phs-masterdb/getExtByvalue</property>
  <property name="description"></property>
  <property name="id">Test Cases/phs-masterdb/getExtByvalue</property>
  <property name="source">C:\\SURYAPURBA\\PHS\\PHS\\Test Cases\\phs-masterdb\\getExtByvalue.tc</property>
  <property name="isOptional">false</property>
</record>
<record>
  <date>2019-07-25T14:21:10</date>
  <millis>1564039270543</millis>
  <sequence>240</sequence>
  <level>START</level>
  <class>com.kms.katalon.core.logging.XmlKeywordLogger</class>
  <method>startKeyword</method>
  <thread>1</thread>
  <message>Start action : response = sendRequest(findTestObject(\&amp;quot;phs-masterdb/getExtByvalue\&amp;quot;, [\&amp;quot;endpoint\&amp;quot;:endpoint, \&amp;quot;value\&amp;quot;:findTestData(\&amp;quot;phs-masterdb/getExtByvalue\&amp;quot;).getValue(1, 1)]))</message>
  <nestedLevel>1</nestedLevel>
  <property name="startLine">17</property>
  <property name="stepIndex">1</property>
</record>
<record>
  <date>2019-07-25T14:21:10</date>
  <millis>1564039270709</millis>
  <sequence>248</sequence>
  <level>INFO</level>
  <class>com.kms.katalon.core.logging.XmlKeywordLogger</class>
  <method>logMessage</method>
  <thread>1</thread>
  <message>HAR: C:\\SURYAPURBA\\PHS\\PHS\\Reports\\phs-masterdb\\master-db\\20190725_142054\\requests\\main\\9.har</message>
  <nestedLevel>1</nestedLevel>
  <property name="harId">09214c1e-9398-4aa7-a434-368177dd263c</property>
</record>
<record>
  <date>2019-07-25T14:21:10</date>
  <millis>1564039270712</millis>
  <sequence>249</sequence>
  <level>PASSED</level>
  <class>com.kms.katalon.core.logging.XmlKeywordLogger</class>
  <method>logMessage</method>
  <thread>1</thread>
  <message>Send request successfully</message>
  <nestedLevel>1</nestedLevel>
</record>
<record>
  <date>2019-07-25T14:21:10</date>
  <millis>1564039270712</millis>
  <sequence>250</sequence>
  <level>END</level>
  <class>com.kms.katalon.core.logging.XmlKeywordLogger</class>
  <method>endKeyword</method>
  <thread>1</thread>
  <message>End action : response = sendRequest(findTestObject(\&amp;quot;phs-masterdb/getExtByvalue\&amp;quot;, [\&amp;quot;endpoint\&amp;quot;:endpoint, \&amp;quot;value\&amp;quot;:findTestData(\&amp;quot;phs-masterdb/getExtByvalue\&amp;quot;).getValue(1, 1)]))</message>
  <nestedLevel>1</nestedLevel>
</record>
<record>
  <date>2019-07-25T14:21:10</date>
  <millis>1564039270713</millis>
  <sequence>251</sequence>
  <level>START</level>
  <class>com.kms.katalon.core.logging.XmlKeywordLogger</class>
  <method>startKeyword</method>
  <thread>1</thread>
  <message>Start action : verifyResponseStatusCode(response, 200)</message>
  <nestedLevel>1</nestedLevel>
  <property name="startLine">20</property>
  <property name="stepIndex">2</property>
</record>
<record>
  <date>2019-07-25T14:21:10</date>
  <millis>1564039270715</millis>
  <sequence>253</sequence>
  <level>PASSED</level>
  <class>com.kms.katalon.core.logging.XmlKeywordLogger</class>
  <method>logMessage</method>
  <thread>1</thread>
  <message>Verify response status code successfully</message>
  <nestedLevel>1</nestedLevel>
</record>
<record>
  <date>2019-07-25T14:21:10</date>
  <millis>1564039270716</millis>
  <sequence>254</sequence>
  <level>END</level>
  <class>com.kms.katalon.core.logging.XmlKeywordLogger</class>
  <method>endKeyword</method>
  <thread>1</thread>
  <message>End action : verifyResponseStatusCode(response, 200)</message>
  <nestedLevel>1</nestedLevel>
</record>
<record>
  <date>2019-07-25T14:21:10</date>
  <millis>1564039270725</millis>
  <sequence>255</sequence>
  <level>PASSED</level>
  <class>com.kms.katalon.core.logging.XmlKeywordLogger</class>
  <method>logMessage</method>
  <thread>1</thread>
  <message>Test Cases/phs-masterdb/getExtByvalue</message>
  <nestedLevel>1</nestedLevel>
</record>
<record>
  <date>2019-07-25T14:21:10</date>
  <millis>1564039270726</millis>
  <sequence>256</sequence>
  <level>END</level>
  <class>com.kms.katalon.core.logging.XmlKeywordLogger</class>
  <method>endTest</method>
  <thread>1</thread>
  <message>End Test Case : Test Cases/phs-masterdb/getExtByvalue</message>
  <nestedLevel>0</nestedLevel>
</record>
<record>
  <date>2019-07-25T14:21:10</date>
  <millis>1564039270750</millis>
  <sequence>257</sequence>
  <level>START</level>
  <class>com.kms.katalon.core.logging.XmlKeywordLogger</class>
  <method>startTest</method>
  <thread>1</thread>
  <message>Start Test Case : Test Cases/phs-masterdb/getType</message>
  <nestedLevel>1</nestedLevel>
  <property name="name">Test Cases/phs-masterdb/getType</property>
  <property name="description"></property>
  <property name="id">Test Cases/phs-masterdb/getType</property>
  <property name="source">C:\\SURYAPURBA\\PHS\\PHS\\Test Cases\\phs-masterdb\\getType.tc</property>
  <property name="isOptional">false</property>
</record>
<record>
  <date>2019-07-25T14:21:11</date>
  <millis>1564039271164</millis>
  <sequence>259</sequence>
  <level>START</level>
  <class>com.kms.katalon.core.logging.XmlKeywordLogger</class>
  <method>startKeyword</method>
  <thread>1</thread>
  <message>Start action : response = sendRequest(findTestObject(\&amp;quot;phs-masterdb/getType\&amp;quot;, [\&amp;quot;endpoint\&amp;quot;:endpoint, \&amp;quot;type\&amp;quot;:findTestData(\&amp;quot;phs-masterdb/getType\&amp;quot;).getValue(1, 1)]))</message>
  <nestedLevel>1</nestedLevel>
  <property name="startLine">17</property>
  <property name="stepIndex">1</property>
</record>
<record>
  <date>2019-07-25T14:21:11</date>
  <millis>1564039271351</millis>
  <sequence>267</sequence>
  <level>INFO</level>
  <class>com.kms.katalon.core.logging.XmlKeywordLogger</class>
  <method>logMessage</method>
  <thread>1</thread>
  <message>HAR: C:\\SURYAPURBA\\PHS\\PHS\\Reports\\phs-masterdb\\master-db\\20190725_142054\\requests\\main\\10.har</message>
  <nestedLevel>1</nestedLevel>
  <property name="harId">c600d990-7db8-4877-9096-adc525b6ab8c</property>
</record>
<record>
  <date>2019-07-25T14:21:11</date>
  <millis>1564039271354</millis>
  <sequence>268</sequence>
  <level>PASSED</level>
  <class>com.kms.katalon.core.logging.XmlKeywordLogger</class>
  <method>logMessage</method>
  <thread>1</thread>
  <message>Send request successfully</message>
  <nestedLevel>1</nestedLevel>
</record>
<record>
  <date>2019-07-25T14:21:11</date>
  <millis>1564039271355</millis>
  <sequence>269</sequence>
  <level>END</level>
  <class>com.kms.katalon.core.logging.XmlKeywordLogger</class>
  <method>endKeyword</method>
  <thread>1</thread>
  <message>End action : response = sendRequest(findTestObject(\&amp;quot;phs-masterdb/getType\&amp;quot;, [\&amp;quot;endpoint\&amp;quot;:endpoint, \&amp;quot;type\&amp;quot;:findTestData(\&amp;quot;phs-masterdb/getType\&amp;quot;).getValue(1, 1)]))</message>
  <nestedLevel>1</nestedLevel>
</record>
<record>
  <date>2019-07-25T14:21:11</date>
  <millis>1564039271355</millis>
  <sequence>270</sequence>
  <level>START</level>
  <class>com.kms.katalon.core.logging.XmlKeywordLogger</class>
  <method>startKeyword</method>
  <thread>1</thread>
  <message>Start action : verifyResponseStatusCode(response, 200)</message>
  <nestedLevel>1</nestedLevel>
  <property name="startLine">19</property>
  <property name="stepIndex">2</property>
</record>
<record>
  <date>2019-07-25T14:21:11</date>
  <millis>1564039271358</millis>
  <sequence>272</sequence>
  <level>PASSED</level>
  <class>com.kms.katalon.core.logging.XmlKeywordLogger</class>
  <method>logMessage</method>
  <thread>1</thread>
  <message>Verify response status code successfully</message>
  <nestedLevel>1</nestedLevel>
</record>
<record>
  <date>2019-07-25T14:21:11</date>
  <millis>1564039271358</millis>
  <sequence>273</sequence>
  <level>END</level>
  <class>com.kms.katalon.core.logging.XmlKeywordLogger</class>
  <method>endKeyword</method>
  <thread>1</thread>
  <message>End action : verifyResponseStatusCode(response, 200)</message>
  <nestedLevel>1</nestedLevel>
</record>
<record>
  <date>2019-07-25T14:21:11</date>
  <millis>1564039271358</millis>
  <sequence>274</sequence>
  <level>PASSED</level>
  <class>com.kms.katalon.core.logging.XmlKeywordLogger</class>
  <method>logMessage</method>
  <thread>1</thread>
  <message>Test Cases/phs-masterdb/getType</message>
  <nestedLevel>1</nestedLevel>
</record>
<record>
  <date>2019-07-25T14:21:11</date>
  <millis>1564039271359</millis>
  <sequence>275</sequence>
  <level>END</level>
  <class>com.kms.katalon.core.logging.XmlKeywordLogger</class>
  <method>endTest</method>
  <thread>1</thread>
  <message>End Test Case : Test Cases/phs-masterdb/getType</message>
  <nestedLevel>0</nestedLevel>
</record>
<record>
  <date>2019-07-25T14:21:11</date>
  <millis>1564039271383</millis>
  <sequence>276</sequence>
  <level>START</level>
  <class>com.kms.katalon.core.logging.XmlKeywordLogger</class>
  <method>startTest</method>
  <thread>1</thread>
  <message>Start Test Case : Test Cases/phs-masterdb/phsParamSave</message>
  <nestedLevel>1</nestedLevel>
  <property name="name">Test Cases/phs-masterdb/phsParamSave</property>
  <property name="description"></property>
  <property name="id">Test Cases/phs-masterdb/phsParamSave</property>
  <property name="source">C:\\SURYAPURBA\\PHS\\PHS\\Test Cases\\phs-masterdb\\phsParamSave.tc</property>
  <property name="isOptional">false</property>
</record>
<record>
  <date>2019-07-25T14:21:11</date>
  <millis>1564039271774</millis>
  <sequence>278</sequence>
  <level>START</level>
  <class>com.kms.katalon.core.logging.XmlKeywordLogger</class>
  <method>startKeyword</method>
  <thread>1</thread>
  <message>Start action : response = sendRequest(findTestObject(\&amp;quot;phs-masterdb/phsParamSave\&amp;quot;, [\&amp;quot;endpoint\&amp;quot;:endpoint, \&amp;quot;id\&amp;quot;:findTestData(\&amp;quot;phs-masterdb/phsParamSave\&amp;quot;).getValue(1, 1), \&amp;quot;param\&amp;quot;:findTestData(\&amp;quot;phs-masterdb/phsParamSave\&amp;quot;).getValue(2, 1), ... ]))</message>
  <nestedLevel>1</nestedLevel>
  <property name="startLine">17</property>
  <property name="stepIndex">1</property>
</record>
<record>
  <date>2019-07-25T14:21:12</date>
  <millis>1564039272629</millis>
  <sequence>298</sequence>
  <level>INFO</level>
  <class>com.kms.katalon.core.logging.XmlKeywordLogger</class>
  <method>logMessage</method>
  <thread>1</thread>
  <message>HAR: C:\\SURYAPURBA\\PHS\\PHS\\Reports\\phs-masterdb\\master-db\\20190725_142054\\requests\\main\\11.har</message>
  <nestedLevel>1</nestedLevel>
  <property name="harId">0922bfb4-1204-4476-80cb-281f4aae6073</property>
</record>
<record>
  <date>2019-07-25T14:21:12</date>
  <millis>1564039272633</millis>
  <sequence>299</sequence>
  <level>PASSED</level>
  <class>com.kms.katalon.core.logging.XmlKeywordLogger</class>
  <method>logMessage</method>
  <thread>1</thread>
  <message>Send request successfully</message>
  <nestedLevel>1</nestedLevel>
</record>
<record>
  <date>2019-07-25T14:21:12</date>
  <millis>1564039272633</millis>
  <sequence>300</sequence>
  <level>END</level>
  <class>com.kms.katalon.core.logging.XmlKeywordLogger</class>
  <method>endKeyword</method>
  <thread>1</thread>
  <message>End action : response = sendRequest(findTestObject(\&amp;quot;phs-masterdb/phsParamSave\&amp;quot;, [\&amp;quot;endpoint\&amp;quot;:endpoint, \&amp;quot;id\&amp;quot;:findTestData(\&amp;quot;phs-masterdb/phsParamSave\&amp;quot;).getValue(1, 1), \&amp;quot;param\&amp;quot;:findTestData(\&amp;quot;phs-masterdb/phsParamSave\&amp;quot;).getValue(2, 1), ... ]))</message>
  <nestedLevel>1</nestedLevel>
</record>
<record>
  <date>2019-07-25T14:21:12</date>
  <millis>1564039272634</millis>
  <sequence>301</sequence>
  <level>START</level>
  <class>com.kms.katalon.core.logging.XmlKeywordLogger</class>
  <method>startKeyword</method>
  <thread>1</thread>
  <message>Start action : verifyResponseStatusCode(response, 200)</message>
  <nestedLevel>1</nestedLevel>
  <property name="startLine">22</property>
  <property name="stepIndex">2</property>
</record>
<record>
  <date>2019-07-25T14:21:12</date>
  <millis>1564039272642</millis>
  <sequence>303</sequence>
  <level>FAILED</level>
  <class>com.kms.katalon.core.logging.XmlKeywordLogger</class>
  <method>logMessage</method>
  <thread>1</thread>
  <message>Expected status code is &amp;apos;200&amp;apos; but actual status code is &amp;apos;415&amp;apos;</message>
  <nestedLevel>1</nestedLevel>
</record>
<record>
  <date>2019-07-25T14:21:12</date>
  <millis>1564039272653</millis>
  <sequence>305</sequence>
  <level>FAILED</level>
  <class>com.kms.katalon.core.logging.XmlKeywordLogger</class>
  <method>logMessage</method>
  <thread>1</thread>
  <message>Unable to verify response status code (Root cause: com.kms.katalon.core.exception.StepFailedException: Expected status code is &amp;apos;200&amp;apos; but actual status code is &amp;apos;415&amp;apos;\r\n\tat com.kms.katalon.core.keyword.internal.KeywordMain.stepFailed(KeywordMain.groovy:48)\r\n\tat com.kms.katalon.core.webservice.keyword.builtin.VerifyResponseStatusCodeKeyword.verifyStatusCode(VerifyResponseStatusCodeKeyword.groovy:52)\r\n\tat com.kms.katalon.core.webservice.keyword.builtin.VerifyResponseStatusCodeKeyword$_verifyResponseStatusCode_closure1.doCall(VerifyResponseStatusCodeKeyword.groovy:42)\r\n\tat com.kms.katalon.core.webservice.keyword.builtin.VerifyResponseStatusCodeKeyword$_verifyResponseStatusCode_closure1.call(VerifyResponseStatusCodeKeyword.groovy)\r\n\tat com.kms.katalon.core.keyword.internal.KeywordMain.runKeyword(KeywordMain.groovy:66)\r\n\tat com.kms.katalon.core.webservice.keyword.builtin.VerifyResponseStatusCodeKeyword.verifyResponseStatusCode(VerifyResponseStatusCodeKeyword.groovy:37)\r\n\tat com.kms.katalon.core.webservice.keyword.builtin.VerifyResponseStatusCodeKeyword.execute(VerifyResponseStatusCodeKeyword.groovy:32)\r\n\tat com.kms.katalon.core.keyword.internal.KeywordExecutor.executeKeywordForPlatform(KeywordExecutor.groovy:56)\r\n\tat com.kms.katalon.core.webservice.keyword.WSBuiltInKeywords.verifyResponseStatusCode(WSBuiltInKeywords.groovy:212)\r\n\tat com.kms.katalon.core.webservice.keyword.WSBuiltInKeywords$verifyResponseStatusCode$0.call(Unknown Source)\r\n\tat phsParamSave.run(phsParamSave:22)\r\n\tat com.kms.katalon.core.main.ScriptEngine.run(ScriptEngine.java:194)\r\n\tat com.kms.katalon.core.main.ScriptEngine.runScriptAsRawText(ScriptEngine.java:119)\r\n\tat com.kms.katalon.core.main.TestCaseExecutor.runScript(TestCaseExecutor.java:331)\r\n\tat com.kms.katalon.core.main.TestCaseExecutor.doExecute(TestCaseExecutor.java:322)\r\n\tat com.kms.katalon.core.main.TestCaseExecutor.processExecutionPhase(TestCaseExecutor.java:301)\r\n\tat com.kms.katalon.core.main.TestCaseExecutor.accessMainPhase(TestCaseExecutor.java:293)\r\n\tat com.kms.katalon.core.main.TestCaseExecutor.execute(TestCaseExecutor.java:227)\r\n\tat com.kms.katalon.core.main.TestSuiteExecutor.accessTestCaseMainPhase(TestSuiteExecutor.java:129)\r\n\tat com.kms.katalon.core.main.TestSuiteExecutor.accessTestSuiteMainPhase(TestSuiteExecutor.java:112)\r\n\tat com.kms.katalon.core.main.TestSuiteExecutor.execute(TestSuiteExecutor.java:81)\r\n\tat com.kms.katalon.core.main.TestCaseMain.startTestSuite(TestCaseMain.java:157)\r\n\tat com.kms.katalon.core.main.TestCaseMain$startTestSuite$0.call(Unknown Source)\r\n\tat TempTestSuite1564039254290.run(TempTestSuite1564039254290.groovy:35)\r\n)</message>
  <nestedLevel>1</nestedLevel>
</record>
<record>
  <date>2019-07-25T14:21:12</date>
  <millis>1564039272655</millis>
  <sequence>307</sequence>
  <logger>com.kms.katalon.core.logging.XmlKeywordLogger</logger>
  <level>FAILED</level>
  <class>com.kms.katalon.core.logging.XmlKeywordLogger</class>
  <method>logMessage</method>
  <thread>1</thread>
  <message>verifyResponseStatusCode(response, 200) FAILED.\nReason:\ncom.kms.katalon.core.exception.StepFailedException: Expected status code is &amp;apos;200&amp;apos; but actual status code is &amp;apos;415&amp;apos;\r\n\tat com.kms.katalon.core.keyword.internal.KeywordMain.stepFailed(KeywordMain.groovy:48)\r\n\tat com.kms.katalon.core.webservice.keyword.builtin.VerifyResponseStatusCodeKeyword.verifyStatusCode(VerifyResponseStatusCodeKeyword.groovy:52)\r\n\tat com.kms.katalon.core.webservice.keyword.builtin.VerifyResponseStatusCodeKeyword$_verifyResponseStatusCode_closure1.doCall(VerifyResponseStatusCodeKeyword.groovy:42)\r\n\tat com.kms.katalon.core.webservice.keyword.builtin.VerifyResponseStatusCodeKeyword$_verifyResponseStatusCode_closure1.call(VerifyResponseStatusCodeKeyword.groovy)\r\n\tat com.kms.katalon.core.keyword.internal.KeywordMain.runKeyword(KeywordMain.groovy:66)\r\n\tat com.kms.katalon.core.webservice.keyword.builtin.VerifyResponseStatusCodeKeyword.verifyResponseStatusCode(VerifyResponseStatusCodeKeyword.groovy:37)\r\n\tat com.kms.katalon.core.webservice.keyword.builtin.VerifyResponseStatusCodeKeyword.execute(VerifyResponseStatusCodeKeyword.groovy:32)\r\n\tat com.kms.katalon.core.keyword.internal.KeywordExecutor.executeKeywordForPlatform(KeywordExecutor.groovy:56)\r\n\tat com.kms.katalon.core.webservice.keyword.WSBuiltInKeywords.verifyResponseStatusCode(WSBuiltInKeywords.groovy:212)\r\n\tat com.kms.katalon.core.webservice.keyword.WSBuiltInKeywords$verifyResponseStatusCode$0.call(Unknown Source)\r\n\tat phsParamSave.run(phsParamSave:22)\r\n\tat com.kms.katalon.core.main.ScriptEngine.run(ScriptEngine.java:194)\r\n\tat com.kms.katalon.core.main.ScriptEngine.runScriptAsRawText(ScriptEngine.java:119)\r\n\tat com.kms.katalon.core.main.TestCaseExecutor.runScript(TestCaseExecutor.java:331)\r\n\tat com.kms.katalon.core.main.TestCaseExecutor.doExecute(TestCaseExecutor.java:322)\r\n\tat com.kms.katalon.core.main.TestCaseExecutor.processExecutionPhase(TestCaseExecutor.java:301)\r\n\tat com.kms.katalon.core.main.TestCaseExecutor.accessMainPhase(TestCaseExecutor.java:293)\r\n\tat com.kms.katalon.core.main.TestCaseExecutor.execute(TestCaseExecutor.java:227)\r\n\tat com.kms.katalon.core.main.TestSuiteExecutor.accessTestCaseMainPhase(TestSuiteExecutor.java:129)\r\n\tat com.kms.katalon.core.main.TestSuiteExecutor.accessTestSuiteMainPhase(TestSuiteExecutor.java:112)\r\n\tat com.kms.katalon.core.main.TestSuiteExecutor.execute(TestSuiteExecutor.java:81)\r\n\tat com.kms.katalon.core.main.TestCaseMain.startTestSuite(TestCaseMain.java:157)\r\n\tat com.kms.katalon.core.main.TestCaseMain$startTestSuite$0.call(Unknown Source)\r\n\tat TempTestSuite1564039254290.run(TempTestSuite1564039254290.groovy:35)\r\n</message>
  <exception>
    <message>com.kms.katalon.core.exception.StepFailedException: Expected status code is '200' but actual status code is '415'</message>
    <frame>
      <class>com.kms.katalon.core.keyword.internal.KeywordMain</class>
      <method>stepFailed</method>
      <line>48</line>
    </frame>
    <frame>
      <class>com.kms.katalon.core.webservice.keyword.builtin.VerifyResponseStatusCodeKeyword</class>
      <method>verifyStatusCode</method>
      <line>52</line>
    </frame>
    <frame>
      <class>com.kms.katalon.core.webservice.keyword.builtin.VerifyResponseStatusCodeKeyword$_verifyResponseStatusCode_closure1</class>
      <method>doCall</method>
      <line>42</line>
    </frame>
    <frame>
      <class>com.kms.katalon.core.webservice.keyword.builtin.VerifyResponseStatusCodeKeyword$_verifyResponseStatusCode_closure1</class>
      <method>call</method>
    </frame>
    <frame>
      <class>com.kms.katalon.core.keyword.internal.KeywordMain</class>
      <method>runKeyword</method>
      <line>66</line>
    </frame>
    <frame>
      <class>com.kms.katalon.core.webservice.keyword.builtin.VerifyResponseStatusCodeKeyword</class>
      <method>verifyResponseStatusCode</method>
      <line>37</line>
    </frame>
    <frame>
      <class>com.kms.katalon.core.webservice.keyword.builtin.VerifyResponseStatusCodeKeyword</class>
      <method>execute</method>
      <line>32</line>
    </frame>
    <frame>
      <class>com.kms.katalon.core.keyword.internal.KeywordExecutor</class>
      <method>executeKeywordForPlatform</method>
      <line>56</line>
    </frame>
    <frame>
      <class>com.kms.katalon.core.webservice.keyword.WSBuiltInKeywords</class>
      <method>verifyResponseStatusCode</method>
      <line>212</line>
    </frame>
    <frame>
      <class>com.kms.katalon.core.webservice.keyword.WSBuiltInKeywords$verifyResponseStatusCode$0</class>
      <method>call</method>
    </frame>
    <frame>
      <class>phsParamSave</class>
      <method>run</method>
      <line>22</line>
    </frame>
    <frame>
      <class>com.kms.katalon.core.main.ScriptEngine</class>
      <method>run</method>
      <line>194</line>
    </frame>
    <frame>
      <class>com.kms.katalon.core.main.ScriptEngine</class>
      <method>runScriptAsRawText</method>
      <line>119</line>
    </frame>
    <frame>
      <class>com.kms.katalon.core.main.TestCaseExecutor</class>
      <method>runScript</method>
      <line>331</line>
    </frame>
    <frame>
      <class>com.kms.katalon.core.main.TestCaseExecutor</class>
      <method>doExecute</method>
      <line>322</line>
    </frame>
    <frame>
      <class>com.kms.katalon.core.main.TestCaseExecutor</class>
      <method>processExecutionPhase</method>
      <line>301</line>
    </frame>
    <frame>
      <class>com.kms.katalon.core.main.TestCaseExecutor</class>
      <method>accessMainPhase</method>
      <line>293</line>
    </frame>
    <frame>
      <class>com.kms.katalon.core.main.TestCaseExecutor</class>
      <method>execute</method>
      <line>227</line>
    </frame>
    <frame>
      <class>com.kms.katalon.core.main.TestSuiteExecutor</class>
      <method>accessTestCaseMainPhase</method>
      <line>129</line>
    </frame>
    <frame>
      <class>com.kms.katalon.core.main.TestSuiteExecutor</class>
      <method>accessTestSuiteMainPhase</method>
      <line>112</line>
    </frame>
    <frame>
      <class>com.kms.katalon.core.main.TestSuiteExecutor</class>
      <method>execute</method>
      <line>81</line>
    </frame>
    <frame>
      <class>com.kms.katalon.core.main.TestCaseMain</class>
      <method>startTestSuite</method>
      <line>157</line>
    </frame>
    <frame>
      <class>com.kms.katalon.core.main.TestCaseMain$startTestSuite$0</class>
      <method>call</method>
    </frame>
    <frame>
      <class>TempTestSuite1564039254290</class>
      <method>run</method>
      <line>35</line>
    </frame>
  </exception>
  <nestedLevel>0</nestedLevel>
</record>
<record>
  <date>2019-07-25T14:21:12</date>
  <millis>1564039272655</millis>
  <sequence>308</sequence>
  <level>END</level>
  <class>com.kms.katalon.core.logging.XmlKeywordLogger</class>
  <method>endKeyword</method>
  <thread>1</thread>
  <message>End action : verifyResponseStatusCode(response, 200)</message>
  <nestedLevel>1</nestedLevel>
</record>
<record>
  <date>2019-07-25T14:21:12</date>
  <millis>1564039272656</millis>
  <sequence>310</sequence>
  <logger>com.kms.katalon.core.logging.XmlKeywordLogger</logger>
  <level>FAILED</level>
  <class>com.kms.katalon.core.logging.XmlKeywordLogger</class>
  <method>logMessage</method>
  <thread>1</thread>
  <message>Test Cases/phs-masterdb/phsParamSave FAILED.\nReason:\ncom.kms.katalon.core.exception.StepFailedException: Expected status code is &amp;apos;200&amp;apos; but actual status code is &amp;apos;415&amp;apos;\r\n\tat com.kms.katalon.core.keyword.internal.KeywordMain.stepFailed(KeywordMain.groovy:48)\r\n\tat com.kms.katalon.core.webservice.keyword.builtin.VerifyResponseStatusCodeKeyword.verifyStatusCode(VerifyResponseStatusCodeKeyword.groovy:52)\r\n\tat com.kms.katalon.core.webservice.keyword.builtin.VerifyResponseStatusCodeKeyword$_verifyResponseStatusCode_closure1.doCall(VerifyResponseStatusCodeKeyword.groovy:42)\r\n\tat com.kms.katalon.core.webservice.keyword.builtin.VerifyResponseStatusCodeKeyword$_verifyResponseStatusCode_closure1.call(VerifyResponseStatusCodeKeyword.groovy)\r\n\tat com.kms.katalon.core.keyword.internal.KeywordMain.runKeyword(KeywordMain.groovy:66)\r\n\tat com.kms.katalon.core.webservice.keyword.builtin.VerifyResponseStatusCodeKeyword.verifyResponseStatusCode(VerifyResponseStatusCodeKeyword.groovy:37)\r\n\tat com.kms.katalon.core.webservice.keyword.builtin.VerifyResponseStatusCodeKeyword.execute(VerifyResponseStatusCodeKeyword.groovy:32)\r\n\tat com.kms.katalon.core.keyword.internal.KeywordExecutor.executeKeywordForPlatform(KeywordExecutor.groovy:56)\r\n\tat com.kms.katalon.core.webservice.keyword.WSBuiltInKeywords.verifyResponseStatusCode(WSBuiltInKeywords.groovy:212)\r\n\tat com.kms.katalon.core.webservice.keyword.WSBuiltInKeywords$verifyResponseStatusCode$0.call(Unknown Source)\r\n\tat phsParamSave.run(phsParamSave:22)\r\n\tat com.kms.katalon.core.main.ScriptEngine.run(ScriptEngine.java:194)\r\n\tat com.kms.katalon.core.main.ScriptEngine.runScriptAsRawText(ScriptEngine.java:119)\r\n\tat com.kms.katalon.core.main.TestCaseExecutor.runScript(TestCaseExecutor.java:331)\r\n\tat com.kms.katalon.core.main.TestCaseExecutor.doExecute(TestCaseExecutor.java:322)\r\n\tat com.kms.katalon.core.main.TestCaseExecutor.processExecutionPhase(TestCaseExecutor.java:301)\r\n\tat com.kms.katalon.core.main.TestCaseExecutor.accessMainPhase(TestCaseExecutor.java:293)\r\n\tat com.kms.katalon.core.main.TestCaseExecutor.execute(TestCaseExecutor.java:227)\r\n\tat com.kms.katalon.core.main.TestSuiteExecutor.accessTestCaseMainPhase(TestSuiteExecutor.java:129)\r\n\tat com.kms.katalon.core.main.TestSuiteExecutor.accessTestSuiteMainPhase(TestSuiteExecutor.java:112)\r\n\tat com.kms.katalon.core.main.TestSuiteExecutor.execute(TestSuiteExecutor.java:81)\r\n\tat com.kms.katalon.core.main.TestCaseMain.startTestSuite(TestCaseMain.java:157)\r\n\tat com.kms.katalon.core.main.TestCaseMain$startTestSuite$0.call(Unknown Source)\r\n\tat TempTestSuite1564039254290.run(TempTestSuite1564039254290.groovy:35)\r\n</message>
  <exception>
    <message>com.kms.katalon.core.exception.StepFailedException: Expected status code is '200' but actual status code is '415'</message>
    <frame>
      <class>com.kms.katalon.core.keyword.internal.KeywordMain</class>
      <method>stepFailed</method>
      <line>48</line>
    </frame>
    <frame>
      <class>com.kms.katalon.core.webservice.keyword.builtin.VerifyResponseStatusCodeKeyword</class>
      <method>verifyStatusCode</method>
      <line>52</line>
    </frame>
    <frame>
      <class>com.kms.katalon.core.webservice.keyword.builtin.VerifyResponseStatusCodeKeyword$_verifyResponseStatusCode_closure1</class>
      <method>doCall</method>
      <line>42</line>
    </frame>
    <frame>
      <class>com.kms.katalon.core.webservice.keyword.builtin.VerifyResponseStatusCodeKeyword$_verifyResponseStatusCode_closure1</class>
      <method>call</method>
    </frame>
    <frame>
      <class>com.kms.katalon.core.keyword.internal.KeywordMain</class>
      <method>runKeyword</method>
      <line>66</line>
    </frame>
    <frame>
      <class>com.kms.katalon.core.webservice.keyword.builtin.VerifyResponseStatusCodeKeyword</class>
      <method>verifyResponseStatusCode</method>
      <line>37</line>
    </frame>
    <frame>
      <class>com.kms.katalon.core.webservice.keyword.builtin.VerifyResponseStatusCodeKeyword</class>
      <method>execute</method>
      <line>32</line>
    </frame>
    <frame>
      <class>com.kms.katalon.core.keyword.internal.KeywordExecutor</class>
      <method>executeKeywordForPlatform</method>
      <line>56</line>
    </frame>
    <frame>
      <class>com.kms.katalon.core.webservice.keyword.WSBuiltInKeywords</class>
      <method>verifyResponseStatusCode</method>
      <line>212</line>
    </frame>
    <frame>
      <class>com.kms.katalon.core.webservice.keyword.WSBuiltInKeywords$verifyResponseStatusCode$0</class>
      <method>call</method>
    </frame>
    <frame>
      <class>phsParamSave</class>
      <method>run</method>
      <line>22</line>
    </frame>
    <frame>
      <class>com.kms.katalon.core.main.ScriptEngine</class>
      <method>run</method>
      <line>194</line>
    </frame>
    <frame>
      <class>com.kms.katalon.core.main.ScriptEngine</class>
      <method>runScriptAsRawText</method>
      <line>119</line>
    </frame>
    <frame>
      <class>com.kms.katalon.core.main.TestCaseExecutor</class>
      <method>runScript</method>
      <line>331</line>
    </frame>
    <frame>
      <class>com.kms.katalon.core.main.TestCaseExecutor</class>
      <method>doExecute</method>
      <line>322</line>
    </frame>
    <frame>
      <class>com.kms.katalon.core.main.TestCaseExecutor</class>
      <method>processExecutionPhase</method>
      <line>301</line>
    </frame>
    <frame>
      <class>com.kms.katalon.core.main.TestCaseExecutor</class>
      <method>accessMainPhase</method>
      <line>293</line>
    </frame>
    <frame>
      <class>com.kms.katalon.core.main.TestCaseExecutor</class>
      <method>execute</method>
      <line>227</line>
    </frame>
    <frame>
      <class>com.kms.katalon.core.main.TestSuiteExecutor</class>
      <method>accessTestCaseMainPhase</method>
      <line>129</line>
    </frame>
    <frame>
      <class>com.kms.katalon.core.main.TestSuiteExecutor</class>
      <method>accessTestSuiteMainPhase</method>
      <line>112</line>
    </frame>
    <frame>
      <class>com.kms.katalon.core.main.TestSuiteExecutor</class>
      <method>execute</method>
      <line>81</line>
    </frame>
    <frame>
      <class>com.kms.katalon.core.main.TestCaseMain</class>
      <method>startTestSuite</method>
      <line>157</line>
    </frame>
    <frame>
      <class>com.kms.katalon.core.main.TestCaseMain$startTestSuite$0</class>
      <method>call</method>
    </frame>
    <frame>
      <class>TempTestSuite1564039254290</class>
      <method>run</method>
      <line>35</line>
    </frame>
  </exception>
  <nestedLevel>0</nestedLevel>
</record>
<record>
  <date>2019-07-25T14:21:12</date>
  <millis>1564039272685</millis>
  <sequence>311</sequence>
  <level>END</level>
  <class>com.kms.katalon.core.logging.XmlKeywordLogger</class>
  <method>endTest</method>
  <thread>1</thread>
  <message>End Test Case : Test Cases/phs-masterdb/phsParamSave</message>
  <nestedLevel>0</nestedLevel>
</record>
<record>
  <date>2019-07-25T14:21:12</date>
  <millis>1564039272700</millis>
  <sequence>312</sequence>
  <level>START</level>
  <class>com.kms.katalon.core.logging.XmlKeywordLogger</class>
  <method>startTest</method>
  <thread>1</thread>
  <message>Start Test Case : Test Cases/phs-masterdb/update</message>
  <nestedLevel>1</nestedLevel>
  <property name="name">Test Cases/phs-masterdb/update</property>
  <property name="description"></property>
  <property name="id">Test Cases/phs-masterdb/update</property>
  <property name="source">C:\\SURYAPURBA\\PHS\\PHS\\Test Cases\\phs-masterdb\\update.tc</property>
  <property name="isOptional">false</property>
</record>
<record>
  <date>2019-07-25T14:21:13</date>
  <millis>1564039273143</millis>
  <sequence>314</sequence>
  <level>START</level>
  <class>com.kms.katalon.core.logging.XmlKeywordLogger</class>
  <method>startKeyword</method>
  <thread>1</thread>
  <message>Start action : response = sendRequest(findTestObject(\&amp;quot;phs-masterdb/update\&amp;quot;, [\&amp;quot;endpoint\&amp;quot;:endpoint, \&amp;quot;docType1\&amp;quot;:findTestData(\&amp;quot;phs-masterdb/update\&amp;quot;).getValue(1, 1), \&amp;quot;id\&amp;quot;:findTestData(\&amp;quot;phs-masterdb/update\&amp;quot;).getValue(2, 1), ... ]))</message>
  <nestedLevel>1</nestedLevel>
  <property name="startLine">17</property>
  <property name="stepIndex">1</property>
</record>
<record>
  <date>2019-07-25T14:21:13</date>
  <millis>1564039273399</millis>
  <sequence>334</sequence>
  <level>INFO</level>
  <class>com.kms.katalon.core.logging.XmlKeywordLogger</class>
  <method>logMessage</method>
  <thread>1</thread>
  <message>HAR: C:\\SURYAPURBA\\PHS\\PHS\\Reports\\phs-masterdb\\master-db\\20190725_142054\\requests\\main\\12.har</message>
  <nestedLevel>1</nestedLevel>
  <property name="harId">11c4f533-0314-4464-a4a3-0d07e082f9e4</property>
</record>
<record>
  <date>2019-07-25T14:21:13</date>
  <millis>1564039273402</millis>
  <sequence>335</sequence>
  <level>PASSED</level>
  <class>com.kms.katalon.core.logging.XmlKeywordLogger</class>
  <method>logMessage</method>
  <thread>1</thread>
  <message>Send request successfully</message>
  <nestedLevel>1</nestedLevel>
</record>
<record>
  <date>2019-07-25T14:21:13</date>
  <millis>1564039273402</millis>
  <sequence>336</sequence>
  <level>END</level>
  <class>com.kms.katalon.core.logging.XmlKeywordLogger</class>
  <method>endKeyword</method>
  <thread>1</thread>
  <message>End action : response = sendRequest(findTestObject(\&amp;quot;phs-masterdb/update\&amp;quot;, [\&amp;quot;endpoint\&amp;quot;:endpoint, \&amp;quot;docType1\&amp;quot;:findTestData(\&amp;quot;phs-masterdb/update\&amp;quot;).getValue(1, 1), \&amp;quot;id\&amp;quot;:findTestData(\&amp;quot;phs-masterdb/update\&amp;quot;).getValue(2, 1), ... ]))</message>
  <nestedLevel>1</nestedLevel>
</record>
<record>
  <date>2019-07-25T14:21:13</date>
  <millis>1564039273403</millis>
  <sequence>337</sequence>
  <level>START</level>
  <class>com.kms.katalon.core.logging.XmlKeywordLogger</class>
  <method>startKeyword</method>
  <thread>1</thread>
  <message>Start action : verifyResponseStatusCode(response, 200)</message>
  <nestedLevel>1</nestedLevel>
  <property name="startLine">20</property>
  <property name="stepIndex">2</property>
</record>
<record>
  <date>2019-07-25T14:21:13</date>
  <millis>1564039273405</millis>
  <sequence>339</sequence>
  <level>PASSED</level>
  <class>com.kms.katalon.core.logging.XmlKeywordLogger</class>
  <method>logMessage</method>
  <thread>1</thread>
  <message>Verify response status code successfully</message>
  <nestedLevel>1</nestedLevel>
</record>
<record>
  <date>2019-07-25T14:21:13</date>
  <millis>1564039273406</millis>
  <sequence>340</sequence>
  <level>END</level>
  <class>com.kms.katalon.core.logging.XmlKeywordLogger</class>
  <method>endKeyword</method>
  <thread>1</thread>
  <message>End action : verifyResponseStatusCode(response, 200)</message>
  <nestedLevel>1</nestedLevel>
</record>
<record>
  <date>2019-07-25T14:21:13</date>
  <millis>1564039273406</millis>
  <sequence>341</sequence>
  <level>PASSED</level>
  <class>com.kms.katalon.core.logging.XmlKeywordLogger</class>
  <method>logMessage</method>
  <thread>1</thread>
  <message>Test Cases/phs-masterdb/update</message>
  <nestedLevel>1</nestedLevel>
</record>
<record>
  <date>2019-07-25T14:21:13</date>
  <millis>1564039273407</millis>
  <sequence>342</sequence>
  <level>END</level>
  <class>com.kms.katalon.core.logging.XmlKeywordLogger</class>
  <method>endTest</method>
  <thread>1</thread>
  <message>End Test Case : Test Cases/phs-masterdb/update</message>
  <nestedLevel>0</nestedLevel>
</record>
<record>
  <date>2019-07-25T14:21:13</date>
  <millis>1564039273492</millis>
  <sequence>343</sequence>
  <level>END</level>
  <class>com.kms.katalon.core.logging.XmlKeywordLogger</class>
  <method>endSuite</method>
  <thread>1</thread>
  <message>End Test Suite : Test Suites/phs-masterdb/master-db</message>
  <nestedLevel>0</nestedLevel>
</record>
</log>